
*** Running vivado
    with args -log systolic.vds -m64 -product Vivado -mode batch -messageDb vivado.pb -notrace -source systolic.tcl



****** Vivado v2024.1 (64-bit)
  **** SW Build 5076996 on Wed May 22 18:37:14 MDT 2024
  **** IP Build 5075265 on Wed May 22 21:45:21 MDT 2024
  **** SharedData Build 5076995 on Wed May 22 18:29:18 MDT 2024
  **** Start of session at: Tue Dec  3 00:40:16 2024
    ** Copyright 1986-2022 Xilinx, Inc. All Rights Reserved.
    ** Copyright 2022-2024 Advanced Micro Devices, Inc. All Rights Reserved.

source systolic.tcl -notrace
create_project: Time (s): cpu = 00:00:07 ; elapsed = 00:00:08 . Memory (MB): peak = 514.258 ; gain = 200.422
Command: read_checkpoint -auto_incremental -incremental D:/Code/FPGADesign/MatrixMul/MatrixMul/MatrixMul.srcs/utils_1/imports/synth_1/systolic.dcp
INFO: [Vivado 12-5825] Read reference checkpoint from D:/Code/FPGADesign/MatrixMul/MatrixMul/MatrixMul.srcs/utils_1/imports/synth_1/systolic.dcp for incremental synthesis
INFO: [Vivado 12-7989] Please ensure there are no constraint changes
Command: synth_design -top systolic -part xc7k70tfbv676-1
Starting synth_design
Attempting to get a license for feature 'Synthesis' and/or device 'xc7k70t'
INFO: [Common 17-349] Got license for feature 'Synthesis' and/or device 'xc7k70t'
INFO: [Designutils 20-5440] No compile time benefit to using incremental synthesis; A full resynthesis will be run
INFO: [Designutils 20-4379] Flow is switching to default flow due to incremental criteria not met. If you would like to alter this behaviour and have the flow terminate instead, please set the following parameter config_implementation {autoIncr.Synth.RejectBehavior Terminate}
INFO: [Synth 8-7079] Multithreading enabled for synth_design using a maximum of 2 processes.
INFO: [Synth 8-7078] Launching helper process for spawning children vivado processes
INFO: [Synth 8-7075] Helper process launched with PID 17540
---------------------------------------------------------------------------------
Starting Synthesize : Time (s): cpu = 00:00:06 ; elapsed = 00:00:06 . Memory (MB): peak = 975.941 ; gain = 449.875
---------------------------------------------------------------------------------
INFO: [Synth 8-6157] synthesizing module 'systolic' [D:/Code/FPGADesign/MatrixMul/modules/systolic/systolic.v:1]
INFO: [Synth 8-6157] synthesizing module 'pe' [D:/Code/FPGADesign/MatrixMul/modules/systolic/pe.v:1]
INFO: [Synth 8-6155] done synthesizing module 'pe' (0#1) [D:/Code/FPGADesign/MatrixMul/modules/systolic/pe.v:1]
INFO: [Synth 8-6157] synthesizing module 'de' [D:/Code/FPGADesign/MatrixMul/modules/systolic/de.v:1]
INFO: [Synth 8-6155] done synthesizing module 'de' (0#1) [D:/Code/FPGADesign/MatrixMul/modules/systolic/de.v:1]
INFO: [Synth 8-6155] done synthesizing module 'systolic' (0#1) [D:/Code/FPGADesign/MatrixMul/modules/systolic/systolic.v:1]
---------------------------------------------------------------------------------
Finished Synthesize : Time (s): cpu = 00:00:07 ; elapsed = 00:00:08 . Memory (MB): peak = 1090.316 ; gain = 564.250
---------------------------------------------------------------------------------
---------------------------------------------------------------------------------
Finished Constraint Validation : Time (s): cpu = 00:00:08 ; elapsed = 00:00:09 . Memory (MB): peak = 1090.316 ; gain = 564.250
---------------------------------------------------------------------------------
---------------------------------------------------------------------------------
Start Loading Part and Timing Information
---------------------------------------------------------------------------------
Loading part: xc7k70tfbv676-1
---------------------------------------------------------------------------------
Finished Loading Part and Timing Information : Time (s): cpu = 00:00:08 ; elapsed = 00:00:09 . Memory (MB): peak = 1090.316 ; gain = 564.250
---------------------------------------------------------------------------------
INFO: [Device 21-403] Loading part xc7k70tfbv676-1
---------------------------------------------------------------------------------
Finished RTL Optimization Phase 2 : Time (s): cpu = 00:00:09 ; elapsed = 00:00:09 . Memory (MB): peak = 1090.316 ; gain = 564.250
---------------------------------------------------------------------------------
No constraint files found.
---------------------------------------------------------------------------------
Start RTL Component Statistics 
---------------------------------------------------------------------------------
Detailed RTL Component Info : 
+---Adders : 
	   2 Input   32 Bit       Adders := 1     
+---Registers : 
	               16 Bit    Registers := 19    
	                8 Bit    Registers := 50    
+---Muxes : 
	   2 Input    8 Bit        Muxes := 10    
	   7 Input    8 Bit        Muxes := 8     
	   2 Input    1 Bit        Muxes := 4     
	   7 Input    1 Bit        Muxes := 4     
---------------------------------------------------------------------------------
Finished RTL Component Statistics 
---------------------------------------------------------------------------------
---------------------------------------------------------------------------------
Start Part Resource Summary
---------------------------------------------------------------------------------
INFO: [Device 21-9227] Part: xc7k70tfbv676-1 does not have CEAM library.
Part Resources:
DSPs: 240 (col length:80)
BRAMs: 270 (col length: RAMB18 80 RAMB36 40)
---------------------------------------------------------------------------------
Finished Part Resource Summary
---------------------------------------------------------------------------------
No constraint files found.
---------------------------------------------------------------------------------
Start Cross Boundary and Area Optimization
---------------------------------------------------------------------------------
WARNING: [Synth 8-7080] Parallel synthesis criteria is not met
CRITICAL WARNING: [Synth 8-6859] multi-driven net on pin Q with 1st driver pin 'done_o_reg__0/Q' [D:/Code/FPGADesign/MatrixMul/modules/systolic/systolic.v:60]
CRITICAL WARNING: [Synth 8-6859] multi-driven net on pin Q with 2nd driver pin 'GND' [D:/Code/FPGADesign/MatrixMul/modules/systolic/systolic.v:60]
CRITICAL WARNING: [Synth 8-6858] multi-driven net Q is connected to at least one constant driver which has been preserved, other driver is ignored [D:/Code/FPGADesign/MatrixMul/modules/systolic/systolic.v:60]
CRITICAL WARNING: [Synth 8-6859] multi-driven net on pin Q with 1st driver pin 'c1_reg[15]__0/Q' [D:/Code/FPGADesign/MatrixMul/modules/systolic/systolic.v:51]
CRITICAL WARNING: [Synth 8-6859] multi-driven net on pin Q with 2nd driver pin 'GND' [D:/Code/FPGADesign/MatrixMul/modules/systolic/systolic.v:51]
CRITICAL WARNING: [Synth 8-6858] multi-driven net Q is connected to at least one constant driver which has been preserved, other driver is ignored [D:/Code/FPGADesign/MatrixMul/modules/systolic/systolic.v:51]
CRITICAL WARNING: [Synth 8-6859] multi-driven net on pin Q with 1st driver pin 'c1_reg[14]__0/Q' [D:/Code/FPGADesign/MatrixMul/modules/systolic/systolic.v:51]
CRITICAL WARNING: [Synth 8-6859] multi-driven net on pin Q with 2nd driver pin 'GND' [D:/Code/FPGADesign/MatrixMul/modules/systolic/systolic.v:51]
CRITICAL WARNING: [Synth 8-6858] multi-driven net Q is connected to at least one constant driver which has been preserved, other driver is ignored [D:/Code/FPGADesign/MatrixMul/modules/systolic/systolic.v:51]
CRITICAL WARNING: [Synth 8-6859] multi-driven net on pin Q with 1st driver pin 'c1_reg[13]__0/Q' [D:/Code/FPGADesign/MatrixMul/modules/systolic/systolic.v:51]
CRITICAL WARNING: [Synth 8-6859] multi-driven net on pin Q with 2nd driver pin 'GND' [D:/Code/FPGADesign/MatrixMul/modules/systolic/systolic.v:51]
CRITICAL WARNING: [Synth 8-6858] multi-driven net Q is connected to at least one constant driver which has been preserved, other driver is ignored [D:/Code/FPGADesign/MatrixMul/modules/systolic/systolic.v:51]
CRITICAL WARNING: [Synth 8-6859] multi-driven net on pin Q with 1st driver pin 'c1_reg[12]__0/Q' [D:/Code/FPGADesign/MatrixMul/modules/systolic/systolic.v:51]
CRITICAL WARNING: [Synth 8-6859] multi-driven net on pin Q with 2nd driver pin 'GND' [D:/Code/FPGADesign/MatrixMul/modules/systolic/systolic.v:51]
CRITICAL WARNING: [Synth 8-6858] multi-driven net Q is connected to at least one constant driver which has been preserved, other driver is ignored [D:/Code/FPGADesign/MatrixMul/modules/systolic/systolic.v:51]
CRITICAL WARNING: [Synth 8-6859] multi-driven net on pin Q with 1st driver pin 'c1_reg[11]__0/Q' [D:/Code/FPGADesign/MatrixMul/modules/systolic/systolic.v:51]
CRITICAL WARNING: [Synth 8-6859] multi-driven net on pin Q with 2nd driver pin 'GND' [D:/Code/FPGADesign/MatrixMul/modules/systolic/systolic.v:51]
CRITICAL WARNING: [Synth 8-6858] multi-driven net Q is connected to at least one constant driver which has been preserved, other driver is ignored [D:/Code/FPGADesign/MatrixMul/modules/systolic/systolic.v:51]
CRITICAL WARNING: [Synth 8-6859] multi-driven net on pin Q with 1st driver pin 'c1_reg[10]__0/Q' [D:/Code/FPGADesign/MatrixMul/modules/systolic/systolic.v:51]
CRITICAL WARNING: [Synth 8-6859] multi-driven net on pin Q with 2nd driver pin 'GND' [D:/Code/FPGADesign/MatrixMul/modules/systolic/systolic.v:51]
CRITICAL WARNING: [Synth 8-6858] multi-driven net Q is connected to at least one constant driver which has been preserved, other driver is ignored [D:/Code/FPGADesign/MatrixMul/modules/systolic/systolic.v:51]
CRITICAL WARNING: [Synth 8-6859] multi-driven net on pin Q with 1st driver pin 'c1_reg[9]__0/Q' [D:/Code/FPGADesign/MatrixMul/modules/systolic/systolic.v:51]
CRITICAL WARNING: [Synth 8-6859] multi-driven net on pin Q with 2nd driver pin 'GND' [D:/Code/FPGADesign/MatrixMul/modules/systolic/systolic.v:51]
CRITICAL WARNING: [Synth 8-6858] multi-driven net Q is connected to at least one constant driver which has been preserved, other driver is ignored [D:/Code/FPGADesign/MatrixMul/modules/systolic/systolic.v:51]
CRITICAL WARNING: [Synth 8-6859] multi-driven net on pin Q with 1st driver pin 'c1_reg[8]__0/Q' [D:/Code/FPGADesign/MatrixMul/modules/systolic/systolic.v:51]
CRITICAL WARNING: [Synth 8-6859] multi-driven net on pin Q with 2nd driver pin 'GND' [D:/Code/FPGADesign/MatrixMul/modules/systolic/systolic.v:51]
CRITICAL WARNING: [Synth 8-6858] multi-driven net Q is connected to at least one constant driver which has been preserved, other driver is ignored [D:/Code/FPGADesign/MatrixMul/modules/systolic/systolic.v:51]
CRITICAL WARNING: [Synth 8-6859] multi-driven net on pin Q with 1st driver pin 'c1_reg[7]__0/Q' [D:/Code/FPGADesign/MatrixMul/modules/systolic/systolic.v:51]
CRITICAL WARNING: [Synth 8-6859] multi-driven net on pin Q with 2nd driver pin 'GND' [D:/Code/FPGADesign/MatrixMul/modules/systolic/systolic.v:51]
CRITICAL WARNING: [Synth 8-6858] multi-driven net Q is connected to at least one constant driver which has been preserved, other driver is ignored [D:/Code/FPGADesign/MatrixMul/modules/systolic/systolic.v:51]
CRITICAL WARNING: [Synth 8-6859] multi-driven net on pin Q with 1st driver pin 'c1_reg[6]__0/Q' [D:/Code/FPGADesign/MatrixMul/modules/systolic/systolic.v:51]
CRITICAL WARNING: [Synth 8-6859] multi-driven net on pin Q with 2nd driver pin 'GND' [D:/Code/FPGADesign/MatrixMul/modules/systolic/systolic.v:51]
CRITICAL WARNING: [Synth 8-6858] multi-driven net Q is connected to at least one constant driver which has been preserved, other driver is ignored [D:/Code/FPGADesign/MatrixMul/modules/systolic/systolic.v:51]
CRITICAL WARNING: [Synth 8-6859] multi-driven net on pin Q with 1st driver pin 'c1_reg[5]__0/Q' [D:/Code/FPGADesign/MatrixMul/modules/systolic/systolic.v:51]
CRITICAL WARNING: [Synth 8-6859] multi-driven net on pin Q with 2nd driver pin 'GND' [D:/Code/FPGADesign/MatrixMul/modules/systolic/systolic.v:51]
CRITICAL WARNING: [Synth 8-6858] multi-driven net Q is connected to at least one constant driver which has been preserved, other driver is ignored [D:/Code/FPGADesign/MatrixMul/modules/systolic/systolic.v:51]
CRITICAL WARNING: [Synth 8-6859] multi-driven net on pin Q with 1st driver pin 'c1_reg[4]__0/Q' [D:/Code/FPGADesign/MatrixMul/modules/systolic/systolic.v:51]
CRITICAL WARNING: [Synth 8-6859] multi-driven net on pin Q with 2nd driver pin 'GND' [D:/Code/FPGADesign/MatrixMul/modules/systolic/systolic.v:51]
CRITICAL WARNING: [Synth 8-6858] multi-driven net Q is connected to at least one constant driver which has been preserved, other driver is ignored [D:/Code/FPGADesign/MatrixMul/modules/systolic/systolic.v:51]
CRITICAL WARNING: [Synth 8-6859] multi-driven net on pin Q with 1st driver pin 'c1_reg[3]__0/Q' [D:/Code/FPGADesign/MatrixMul/modules/systolic/systolic.v:51]
CRITICAL WARNING: [Synth 8-6859] multi-driven net on pin Q with 2nd driver pin 'GND' [D:/Code/FPGADesign/MatrixMul/modules/systolic/systolic.v:51]
CRITICAL WARNING: [Synth 8-6858] multi-driven net Q is connected to at least one constant driver which has been preserved, other driver is ignored [D:/Code/FPGADesign/MatrixMul/modules/systolic/systolic.v:51]
CRITICAL WARNING: [Synth 8-6859] multi-driven net on pin Q with 1st driver pin 'c1_reg[2]__0/Q' [D:/Code/FPGADesign/MatrixMul/modules/systolic/systolic.v:51]
CRITICAL WARNING: [Synth 8-6859] multi-driven net on pin Q with 2nd driver pin 'GND' [D:/Code/FPGADesign/MatrixMul/modules/systolic/systolic.v:51]
CRITICAL WARNING: [Synth 8-6858] multi-driven net Q is connected to at least one constant driver which has been preserved, other driver is ignored [D:/Code/FPGADesign/MatrixMul/modules/systolic/systolic.v:51]
CRITICAL WARNING: [Synth 8-6859] multi-driven net on pin Q with 1st driver pin 'c1_reg[1]__0/Q' [D:/Code/FPGADesign/MatrixMul/modules/systolic/systolic.v:51]
CRITICAL WARNING: [Synth 8-6859] multi-driven net on pin Q with 2nd driver pin 'GND' [D:/Code/FPGADesign/MatrixMul/modules/systolic/systolic.v:51]
CRITICAL WARNING: [Synth 8-6858] multi-driven net Q is connected to at least one constant driver which has been preserved, other driver is ignored [D:/Code/FPGADesign/MatrixMul/modules/systolic/systolic.v:51]
CRITICAL WARNING: [Synth 8-6859] multi-driven net on pin Q with 1st driver pin 'c1_reg[0]__0/Q' [D:/Code/FPGADesign/MatrixMul/modules/systolic/systolic.v:51]
CRITICAL WARNING: [Synth 8-6859] multi-driven net on pin Q with 2nd driver pin 'GND' [D:/Code/FPGADesign/MatrixMul/modules/systolic/systolic.v:51]
CRITICAL WARNING: [Synth 8-6858] multi-driven net Q is connected to at least one constant driver which has been preserved, other driver is ignored [D:/Code/FPGADesign/MatrixMul/modules/systolic/systolic.v:51]
CRITICAL WARNING: [Synth 8-6859] multi-driven net on pin Q with 1st driver pin 'c2_reg[15]__0/Q' [D:/Code/FPGADesign/MatrixMul/modules/systolic/systolic.v:52]
CRITICAL WARNING: [Synth 8-6859] multi-driven net on pin Q with 2nd driver pin 'GND' [D:/Code/FPGADesign/MatrixMul/modules/systolic/systolic.v:52]
CRITICAL WARNING: [Synth 8-6858] multi-driven net Q is connected to at least one constant driver which has been preserved, other driver is ignored [D:/Code/FPGADesign/MatrixMul/modules/systolic/systolic.v:52]
CRITICAL WARNING: [Synth 8-6859] multi-driven net on pin Q with 1st driver pin 'c2_reg[14]__0/Q' [D:/Code/FPGADesign/MatrixMul/modules/systolic/systolic.v:52]
CRITICAL WARNING: [Synth 8-6859] multi-driven net on pin Q with 2nd driver pin 'GND' [D:/Code/FPGADesign/MatrixMul/modules/systolic/systolic.v:52]
CRITICAL WARNING: [Synth 8-6858] multi-driven net Q is connected to at least one constant driver which has been preserved, other driver is ignored [D:/Code/FPGADesign/MatrixMul/modules/systolic/systolic.v:52]
CRITICAL WARNING: [Synth 8-6859] multi-driven net on pin Q with 1st driver pin 'c2_reg[13]__0/Q' [D:/Code/FPGADesign/MatrixMul/modules/systolic/systolic.v:52]
CRITICAL WARNING: [Synth 8-6859] multi-driven net on pin Q with 2nd driver pin 'GND' [D:/Code/FPGADesign/MatrixMul/modules/systolic/systolic.v:52]
CRITICAL WARNING: [Synth 8-6858] multi-driven net Q is connected to at least one constant driver which has been preserved, other driver is ignored [D:/Code/FPGADesign/MatrixMul/modules/systolic/systolic.v:52]
CRITICAL WARNING: [Synth 8-6859] multi-driven net on pin Q with 1st driver pin 'c2_reg[12]__0/Q' [D:/Code/FPGADesign/MatrixMul/modules/systolic/systolic.v:52]
CRITICAL WARNING: [Synth 8-6859] multi-driven net on pin Q with 2nd driver pin 'GND' [D:/Code/FPGADesign/MatrixMul/modules/systolic/systolic.v:52]
CRITICAL WARNING: [Synth 8-6858] multi-driven net Q is connected to at least one constant driver which has been preserved, other driver is ignored [D:/Code/FPGADesign/MatrixMul/modules/systolic/systolic.v:52]
CRITICAL WARNING: [Synth 8-6859] multi-driven net on pin Q with 1st driver pin 'c2_reg[11]__0/Q' [D:/Code/FPGADesign/MatrixMul/modules/systolic/systolic.v:52]
CRITICAL WARNING: [Synth 8-6859] multi-driven net on pin Q with 2nd driver pin 'GND' [D:/Code/FPGADesign/MatrixMul/modules/systolic/systolic.v:52]
CRITICAL WARNING: [Synth 8-6858] multi-driven net Q is connected to at least one constant driver which has been preserved, other driver is ignored [D:/Code/FPGADesign/MatrixMul/modules/systolic/systolic.v:52]
CRITICAL WARNING: [Synth 8-6859] multi-driven net on pin Q with 1st driver pin 'c2_reg[10]__0/Q' [D:/Code/FPGADesign/MatrixMul/modules/systolic/systolic.v:52]
CRITICAL WARNING: [Synth 8-6859] multi-driven net on pin Q with 2nd driver pin 'GND' [D:/Code/FPGADesign/MatrixMul/modules/systolic/systolic.v:52]
CRITICAL WARNING: [Synth 8-6858] multi-driven net Q is connected to at least one constant driver which has been preserved, other driver is ignored [D:/Code/FPGADesign/MatrixMul/modules/systolic/systolic.v:52]
CRITICAL WARNING: [Synth 8-6859] multi-driven net on pin Q with 1st driver pin 'c2_reg[9]__0/Q' [D:/Code/FPGADesign/MatrixMul/modules/systolic/systolic.v:52]
CRITICAL WARNING: [Synth 8-6859] multi-driven net on pin Q with 2nd driver pin 'GND' [D:/Code/FPGADesign/MatrixMul/modules/systolic/systolic.v:52]
CRITICAL WARNING: [Synth 8-6858] multi-driven net Q is connected to at least one constant driver which has been preserved, other driver is ignored [D:/Code/FPGADesign/MatrixMul/modules/systolic/systolic.v:52]
CRITICAL WARNING: [Synth 8-6859] multi-driven net on pin Q with 1st driver pin 'c2_reg[8]__0/Q' [D:/Code/FPGADesign/MatrixMul/modules/systolic/systolic.v:52]
CRITICAL WARNING: [Synth 8-6859] multi-driven net on pin Q with 2nd driver pin 'GND' [D:/Code/FPGADesign/MatrixMul/modules/systolic/systolic.v:52]
CRITICAL WARNING: [Synth 8-6858] multi-driven net Q is connected to at least one constant driver which has been preserved, other driver is ignored [D:/Code/FPGADesign/MatrixMul/modules/systolic/systolic.v:52]
CRITICAL WARNING: [Synth 8-6859] multi-driven net on pin Q with 1st driver pin 'c2_reg[7]__0/Q' [D:/Code/FPGADesign/MatrixMul/modules/systolic/systolic.v:52]
CRITICAL WARNING: [Synth 8-6859] multi-driven net on pin Q with 2nd driver pin 'GND' [D:/Code/FPGADesign/MatrixMul/modules/systolic/systolic.v:52]
CRITICAL WARNING: [Synth 8-6858] multi-driven net Q is connected to at least one constant driver which has been preserved, other driver is ignored [D:/Code/FPGADesign/MatrixMul/modules/systolic/systolic.v:52]
CRITICAL WARNING: [Synth 8-6859] multi-driven net on pin Q with 1st driver pin 'c2_reg[6]__0/Q' [D:/Code/FPGADesign/MatrixMul/modules/systolic/systolic.v:52]
CRITICAL WARNING: [Synth 8-6859] multi-driven net on pin Q with 2nd driver pin 'GND' [D:/Code/FPGADesign/MatrixMul/modules/systolic/systolic.v:52]
CRITICAL WARNING: [Synth 8-6858] multi-driven net Q is connected to at least one constant driver which has been preserved, other driver is ignored [D:/Code/FPGADesign/MatrixMul/modules/systolic/systolic.v:52]
CRITICAL WARNING: [Synth 8-6859] multi-driven net on pin Q with 1st driver pin 'c2_reg[5]__0/Q' [D:/Code/FPGADesign/MatrixMul/modules/systolic/systolic.v:52]
CRITICAL WARNING: [Synth 8-6859] multi-driven net on pin Q with 2nd driver pin 'GND' [D:/Code/FPGADesign/MatrixMul/modules/systolic/systolic.v:52]
CRITICAL WARNING: [Synth 8-6858] multi-driven net Q is connected to at least one constant driver which has been preserved, other driver is ignored [D:/Code/FPGADesign/MatrixMul/modules/systolic/systolic.v:52]
CRITICAL WARNING: [Synth 8-6859] multi-driven net on pin Q with 1st driver pin 'c2_reg[4]__0/Q' [D:/Code/FPGADesign/MatrixMul/modules/systolic/systolic.v:52]
CRITICAL WARNING: [Synth 8-6859] multi-driven net on pin Q with 2nd driver pin 'GND' [D:/Code/FPGADesign/MatrixMul/modules/systolic/systolic.v:52]
CRITICAL WARNING: [Synth 8-6858] multi-driven net Q is connected to at least one constant driver which has been preserved, other driver is ignored [D:/Code/FPGADesign/MatrixMul/modules/systolic/systolic.v:52]
CRITICAL WARNING: [Synth 8-6859] multi-driven net on pin Q with 1st driver pin 'c2_reg[3]__0/Q' [D:/Code/FPGADesign/MatrixMul/modules/systolic/systolic.v:52]
CRITICAL WARNING: [Synth 8-6859] multi-driven net on pin Q with 2nd driver pin 'GND' [D:/Code/FPGADesign/MatrixMul/modules/systolic/systolic.v:52]
CRITICAL WARNING: [Synth 8-6858] multi-driven net Q is connected to at least one constant driver which has been preserved, other driver is ignored [D:/Code/FPGADesign/MatrixMul/modules/systolic/systolic.v:52]
CRITICAL WARNING: [Synth 8-6859] multi-driven net on pin Q with 1st driver pin 'c2_reg[2]__0/Q' [D:/Code/FPGADesign/MatrixMul/modules/systolic/systolic.v:52]
CRITICAL WARNING: [Synth 8-6859] multi-driven net on pin Q with 2nd driver pin 'GND' [D:/Code/FPGADesign/MatrixMul/modules/systolic/systolic.v:52]
CRITICAL WARNING: [Synth 8-6858] multi-driven net Q is connected to at least one constant driver which has been preserved, other driver is ignored [D:/Code/FPGADesign/MatrixMul/modules/systolic/systolic.v:52]
CRITICAL WARNING: [Synth 8-6859] multi-driven net on pin Q with 1st driver pin 'c2_reg[1]__0/Q' [D:/Code/FPGADesign/MatrixMul/modules/systolic/systolic.v:52]
CRITICAL WARNING: [Synth 8-6859] multi-driven net on pin Q with 2nd driver pin 'GND' [D:/Code/FPGADesign/MatrixMul/modules/systolic/systolic.v:52]
CRITICAL WARNING: [Synth 8-6858] multi-driven net Q is connected to at least one constant driver which has been preserved, other driver is ignored [D:/Code/FPGADesign/MatrixMul/modules/systolic/systolic.v:52]
CRITICAL WARNING: [Synth 8-6859] multi-driven net on pin Q with 1st driver pin 'c2_reg[0]__0/Q' [D:/Code/FPGADesign/MatrixMul/modules/systolic/systolic.v:52]
CRITICAL WARNING: [Synth 8-6859] multi-driven net on pin Q with 2nd driver pin 'GND' [D:/Code/FPGADesign/MatrixMul/modules/systolic/systolic.v:52]
CRITICAL WARNING: [Synth 8-6858] multi-driven net Q is connected to at least one constant driver which has been preserved, other driver is ignored [D:/Code/FPGADesign/MatrixMul/modules/systolic/systolic.v:52]
CRITICAL WARNING: [Synth 8-6859] multi-driven net on pin Q with 1st driver pin 'c3_reg[15]__0/Q' [D:/Code/FPGADesign/MatrixMul/modules/systolic/systolic.v:53]
CRITICAL WARNING: [Synth 8-6859] multi-driven net on pin Q with 2nd driver pin 'GND' [D:/Code/FPGADesign/MatrixMul/modules/systolic/systolic.v:53]
CRITICAL WARNING: [Synth 8-6858] multi-driven net Q is connected to at least one constant driver which has been preserved, other driver is ignored [D:/Code/FPGADesign/MatrixMul/modules/systolic/systolic.v:53]
CRITICAL WARNING: [Synth 8-6859] multi-driven net on pin Q with 1st driver pin 'c3_reg[14]__0/Q' [D:/Code/FPGADesign/MatrixMul/modules/systolic/systolic.v:53]
CRITICAL WARNING: [Synth 8-6859] multi-driven net on pin Q with 2nd driver pin 'GND' [D:/Code/FPGADesign/MatrixMul/modules/systolic/systolic.v:53]
CRITICAL WARNING: [Synth 8-6858] multi-driven net Q is connected to at least one constant driver which has been preserved, other driver is ignored [D:/Code/FPGADesign/MatrixMul/modules/systolic/systolic.v:53]
CRITICAL WARNING: [Synth 8-6859] multi-driven net on pin Q with 1st driver pin 'c3_reg[13]__0/Q' [D:/Code/FPGADesign/MatrixMul/modules/systolic/systolic.v:53]
CRITICAL WARNING: [Synth 8-6859] multi-driven net on pin Q with 2nd driver pin 'GND' [D:/Code/FPGADesign/MatrixMul/modules/systolic/systolic.v:53]
CRITICAL WARNING: [Synth 8-6858] multi-driven net Q is connected to at least one constant driver which has been preserved, other driver is ignored [D:/Code/FPGADesign/MatrixMul/modules/systolic/systolic.v:53]
CRITICAL WARNING: [Synth 8-6859] multi-driven net on pin Q with 1st driver pin 'c3_reg[12]__0/Q' [D:/Code/FPGADesign/MatrixMul/modules/systolic/systolic.v:53]
CRITICAL WARNING: [Synth 8-6859] multi-driven net on pin Q with 2nd driver pin 'GND' [D:/Code/FPGADesign/MatrixMul/modules/systolic/systolic.v:53]
CRITICAL WARNING: [Synth 8-6858] multi-driven net Q is connected to at least one constant driver which has been preserved, other driver is ignored [D:/Code/FPGADesign/MatrixMul/modules/systolic/systolic.v:53]
CRITICAL WARNING: [Synth 8-6859] multi-driven net on pin Q with 1st driver pin 'c3_reg[11]__0/Q' [D:/Code/FPGADesign/MatrixMul/modules/systolic/systolic.v:53]
CRITICAL WARNING: [Synth 8-6859] multi-driven net on pin Q with 2nd driver pin 'GND' [D:/Code/FPGADesign/MatrixMul/modules/systolic/systolic.v:53]
CRITICAL WARNING: [Synth 8-6858] multi-driven net Q is connected to at least one constant driver which has been preserved, other driver is ignored [D:/Code/FPGADesign/MatrixMul/modules/systolic/systolic.v:53]
CRITICAL WARNING: [Synth 8-6859] multi-driven net on pin Q with 1st driver pin 'c3_reg[10]__0/Q' [D:/Code/FPGADesign/MatrixMul/modules/systolic/systolic.v:53]
CRITICAL WARNING: [Synth 8-6859] multi-driven net on pin Q with 2nd driver pin 'GND' [D:/Code/FPGADesign/MatrixMul/modules/systolic/systolic.v:53]
CRITICAL WARNING: [Synth 8-6858] multi-driven net Q is connected to at least one constant driver which has been preserved, other driver is ignored [D:/Code/FPGADesign/MatrixMul/modules/systolic/systolic.v:53]
CRITICAL WARNING: [Synth 8-6859] multi-driven net on pin Q with 1st driver pin 'c3_reg[9]__0/Q' [D:/Code/FPGADesign/MatrixMul/modules/systolic/systolic.v:53]
CRITICAL WARNING: [Synth 8-6859] multi-driven net on pin Q with 2nd driver pin 'GND' [D:/Code/FPGADesign/MatrixMul/modules/systolic/systolic.v:53]
CRITICAL WARNING: [Synth 8-6858] multi-driven net Q is connected to at least one constant driver which has been preserved, other driver is ignored [D:/Code/FPGADesign/MatrixMul/modules/systolic/systolic.v:53]
CRITICAL WARNING: [Synth 8-6859] multi-driven net on pin Q with 1st driver pin 'c3_reg[8]__0/Q' [D:/Code/FPGADesign/MatrixMul/modules/systolic/systolic.v:53]
CRITICAL WARNING: [Synth 8-6859] multi-driven net on pin Q with 2nd driver pin 'GND' [D:/Code/FPGADesign/MatrixMul/modules/systolic/systolic.v:53]
CRITICAL WARNING: [Synth 8-6858] multi-driven net Q is connected to at least one constant driver which has been preserved, other driver is ignored [D:/Code/FPGADesign/MatrixMul/modules/systolic/systolic.v:53]
CRITICAL WARNING: [Synth 8-6859] multi-driven net on pin Q with 1st driver pin 'c3_reg[7]__0/Q' [D:/Code/FPGADesign/MatrixMul/modules/systolic/systolic.v:53]
CRITICAL WARNING: [Synth 8-6859] multi-driven net on pin Q with 2nd driver pin 'GND' [D:/Code/FPGADesign/MatrixMul/modules/systolic/systolic.v:53]
CRITICAL WARNING: [Synth 8-6858] multi-driven net Q is connected to at least one constant driver which has been preserved, other driver is ignored [D:/Code/FPGADesign/MatrixMul/modules/systolic/systolic.v:53]
CRITICAL WARNING: [Synth 8-6859] multi-driven net on pin Q with 1st driver pin 'c3_reg[6]__0/Q' [D:/Code/FPGADesign/MatrixMul/modules/systolic/systolic.v:53]
CRITICAL WARNING: [Synth 8-6859] multi-driven net on pin Q with 2nd driver pin 'GND' [D:/Code/FPGADesign/MatrixMul/modules/systolic/systolic.v:53]
CRITICAL WARNING: [Synth 8-6858] multi-driven net Q is connected to at least one constant driver which has been preserved, other driver is ignored [D:/Code/FPGADesign/MatrixMul/modules/systolic/systolic.v:53]
CRITICAL WARNING: [Synth 8-6859] multi-driven net on pin Q with 1st driver pin 'c3_reg[5]__0/Q' [D:/Code/FPGADesign/MatrixMul/modules/systolic/systolic.v:53]
CRITICAL WARNING: [Synth 8-6859] multi-driven net on pin Q with 2nd driver pin 'GND' [D:/Code/FPGADesign/MatrixMul/modules/systolic/systolic.v:53]
CRITICAL WARNING: [Synth 8-6858] multi-driven net Q is connected to at least one constant driver which has been preserved, other driver is ignored [D:/Code/FPGADesign/MatrixMul/modules/systolic/systolic.v:53]
CRITICAL WARNING: [Synth 8-6859] multi-driven net on pin Q with 1st driver pin 'c3_reg[4]__0/Q' [D:/Code/FPGADesign/MatrixMul/modules/systolic/systolic.v:53]
CRITICAL WARNING: [Synth 8-6859] multi-driven net on pin Q with 2nd driver pin 'GND' [D:/Code/FPGADesign/MatrixMul/modules/systolic/systolic.v:53]
CRITICAL WARNING: [Synth 8-6858] multi-driven net Q is connected to at least one constant driver which has been preserved, other driver is ignored [D:/Code/FPGADesign/MatrixMul/modules/systolic/systolic.v:53]
CRITICAL WARNING: [Synth 8-6859] multi-driven net on pin Q with 1st driver pin 'c3_reg[3]__0/Q' [D:/Code/FPGADesign/MatrixMul/modules/systolic/systolic.v:53]
CRITICAL WARNING: [Synth 8-6859] multi-driven net on pin Q with 2nd driver pin 'GND' [D:/Code/FPGADesign/MatrixMul/modules/systolic/systolic.v:53]
CRITICAL WARNING: [Synth 8-6858] multi-driven net Q is connected to at least one constant driver which has been preserved, other driver is ignored [D:/Code/FPGADesign/MatrixMul/modules/systolic/systolic.v:53]
CRITICAL WARNING: [Synth 8-6859] multi-driven net on pin Q with 1st driver pin 'c3_reg[2]__0/Q' [D:/Code/FPGADesign/MatrixMul/modules/systolic/systolic.v:53]
CRITICAL WARNING: [Synth 8-6859] multi-driven net on pin Q with 2nd driver pin 'GND' [D:/Code/FPGADesign/MatrixMul/modules/systolic/systolic.v:53]
CRITICAL WARNING: [Synth 8-6858] multi-driven net Q is connected to at least one constant driver which has been preserved, other driver is ignored [D:/Code/FPGADesign/MatrixMul/modules/systolic/systolic.v:53]
CRITICAL WARNING: [Synth 8-6859] multi-driven net on pin Q with 1st driver pin 'c3_reg[1]__0/Q' [D:/Code/FPGADesign/MatrixMul/modules/systolic/systolic.v:53]
CRITICAL WARNING: [Synth 8-6859] multi-driven net on pin Q with 2nd driver pin 'GND' [D:/Code/FPGADesign/MatrixMul/modules/systolic/systolic.v:53]
CRITICAL WARNING: [Synth 8-6858] multi-driven net Q is connected to at least one constant driver which has been preserved, other driver is ignored [D:/Code/FPGADesign/MatrixMul/modules/systolic/systolic.v:53]
CRITICAL WARNING: [Synth 8-6859] multi-driven net on pin Q with 1st driver pin 'c3_reg[0]__0/Q' [D:/Code/FPGADesign/MatrixMul/modules/systolic/systolic.v:53]
CRITICAL WARNING: [Synth 8-6859] multi-driven net on pin Q with 2nd driver pin 'GND' [D:/Code/FPGADesign/MatrixMul/modules/systolic/systolic.v:53]
CRITICAL WARNING: [Synth 8-6858] multi-driven net Q is connected to at least one constant driver which has been preserved, other driver is ignored [D:/Code/FPGADesign/MatrixMul/modules/systolic/systolic.v:53]
CRITICAL WARNING: [Synth 8-6859] multi-driven net on pin Q with 1st driver pin 'c4_reg[15]__0/Q' [D:/Code/FPGADesign/MatrixMul/modules/systolic/systolic.v:54]
CRITICAL WARNING: [Synth 8-6859] multi-driven net on pin Q with 2nd driver pin 'GND' [D:/Code/FPGADesign/MatrixMul/modules/systolic/systolic.v:54]
INFO: [Common 17-14] Message 'Synth 8-6859' appears 100 times and further instances of the messages will be disabled. Use the Tcl command set_msg_config to change the current settings.
CRITICAL WARNING: [Synth 8-6858] multi-driven net Q is connected to at least one constant driver which has been preserved, other driver is ignored [D:/Code/FPGADesign/MatrixMul/modules/systolic/systolic.v:54]
CRITICAL WARNING: [Synth 8-6858] multi-driven net Q is connected to at least one constant driver which has been preserved, other driver is ignored [D:/Code/FPGADesign/MatrixMul/modules/systolic/systolic.v:54]
CRITICAL WARNING: [Synth 8-6858] multi-driven net Q is connected to at least one constant driver which has been preserved, other driver is ignored [D:/Code/FPGADesign/MatrixMul/modules/systolic/systolic.v:54]
CRITICAL WARNING: [Synth 8-6858] multi-driven net Q is connected to at least one constant driver which has been preserved, other driver is ignored [D:/Code/FPGADesign/MatrixMul/modules/systolic/systolic.v:54]
CRITICAL WARNING: [Synth 8-6858] multi-driven net Q is connected to at least one constant driver which has been preserved, other driver is ignored [D:/Code/FPGADesign/MatrixMul/modules/systolic/systolic.v:54]
CRITICAL WARNING: [Synth 8-6858] multi-driven net Q is connected to at least one constant driver which has been preserved, other driver is ignored [D:/Code/FPGADesign/MatrixMul/modules/systolic/systolic.v:54]
CRITICAL WARNING: [Synth 8-6858] multi-driven net Q is connected to at least one constant driver which has been preserved, other driver is ignored [D:/Code/FPGADesign/MatrixMul/modules/systolic/systolic.v:54]
CRITICAL WARNING: [Synth 8-6858] multi-driven net Q is connected to at least one constant driver which has been preserved, other driver is ignored [D:/Code/FPGADesign/MatrixMul/modules/systolic/systolic.v:54]
CRITICAL WARNING: [Synth 8-6858] multi-driven net Q is connected to at least one constant driver which has been preserved, other driver is ignored [D:/Code/FPGADesign/MatrixMul/modules/systolic/systolic.v:54]
CRITICAL WARNING: [Synth 8-6858] multi-driven net Q is connected to at least one constant driver which has been preserved, other driver is ignored [D:/Code/FPGADesign/MatrixMul/modules/systolic/systolic.v:54]
CRITICAL WARNING: [Synth 8-6858] multi-driven net Q is connected to at least one constant driver which has been preserved, other driver is ignored [D:/Code/FPGADesign/MatrixMul/modules/systolic/systolic.v:54]
CRITICAL WARNING: [Synth 8-6858] multi-driven net Q is connected to at least one constant driver which has been preserved, other driver is ignored [D:/Code/FPGADesign/MatrixMul/modules/systolic/systolic.v:54]
CRITICAL WARNING: [Synth 8-6858] multi-driven net Q is connected to at least one constant driver which has been preserved, other driver is ignored [D:/Code/FPGADesign/MatrixMul/modules/systolic/systolic.v:54]
CRITICAL WARNING: [Synth 8-6858] multi-driven net Q is connected to at least one constant driver which has been preserved, other driver is ignored [D:/Code/FPGADesign/MatrixMul/modules/systolic/systolic.v:54]
CRITICAL WARNING: [Synth 8-6858] multi-driven net Q is connected to at least one constant driver which has been preserved, other driver is ignored [D:/Code/FPGADesign/MatrixMul/modules/systolic/systolic.v:54]
CRITICAL WARNING: [Synth 8-6858] multi-driven net Q is connected to at least one constant driver which has been preserved, other driver is ignored [D:/Code/FPGADesign/MatrixMul/modules/systolic/systolic.v:54]
CRITICAL WARNING: [Synth 8-6858] multi-driven net Q is connected to at least one constant driver which has been preserved, other driver is ignored [D:/Code/FPGADesign/MatrixMul/modules/systolic/systolic.v:55]
CRITICAL WARNING: [Synth 8-6858] multi-driven net Q is connected to at least one constant driver which has been preserved, other driver is ignored [D:/Code/FPGADesign/MatrixMul/modules/systolic/systolic.v:55]
CRITICAL WARNING: [Synth 8-6858] multi-driven net Q is connected to at least one constant driver which has been preserved, other driver is ignored [D:/Code/FPGADesign/MatrixMul/modules/systolic/systolic.v:55]
CRITICAL WARNING: [Synth 8-6858] multi-driven net Q is connected to at least one constant driver which has been preserved, other driver is ignored [D:/Code/FPGADesign/MatrixMul/modules/systolic/systolic.v:55]
CRITICAL WARNING: [Synth 8-6858] multi-driven net Q is connected to at least one constant driver which has been preserved, other driver is ignored [D:/Code/FPGADesign/MatrixMul/modules/systolic/systolic.v:55]
CRITICAL WARNING: [Synth 8-6858] multi-driven net Q is connected to at least one constant driver which has been preserved, other driver is ignored [D:/Code/FPGADesign/MatrixMul/modules/systolic/systolic.v:55]
CRITICAL WARNING: [Synth 8-6858] multi-driven net Q is connected to at least one constant driver which has been preserved, other driver is ignored [D:/Code/FPGADesign/MatrixMul/modules/systolic/systolic.v:55]
CRITICAL WARNING: [Synth 8-6858] multi-driven net Q is connected to at least one constant driver which has been preserved, other driver is ignored [D:/Code/FPGADesign/MatrixMul/modules/systolic/systolic.v:55]
CRITICAL WARNING: [Synth 8-6858] multi-driven net Q is connected to at least one constant driver which has been preserved, other driver is ignored [D:/Code/FPGADesign/MatrixMul/modules/systolic/systolic.v:55]
CRITICAL WARNING: [Synth 8-6858] multi-driven net Q is connected to at least one constant driver which has been preserved, other driver is ignored [D:/Code/FPGADesign/MatrixMul/modules/systolic/systolic.v:55]
CRITICAL WARNING: [Synth 8-6858] multi-driven net Q is connected to at least one constant driver which has been preserved, other driver is ignored [D:/Code/FPGADesign/MatrixMul/modules/systolic/systolic.v:55]
CRITICAL WARNING: [Synth 8-6858] multi-driven net Q is connected to at least one constant driver which has been preserved, other driver is ignored [D:/Code/FPGADesign/MatrixMul/modules/systolic/systolic.v:55]
CRITICAL WARNING: [Synth 8-6858] multi-driven net Q is connected to at least one constant driver which has been preserved, other driver is ignored [D:/Code/FPGADesign/MatrixMul/modules/systolic/systolic.v:55]
CRITICAL WARNING: [Synth 8-6858] multi-driven net Q is connected to at least one constant driver which has been preserved, other driver is ignored [D:/Code/FPGADesign/MatrixMul/modules/systolic/systolic.v:55]
CRITICAL WARNING: [Synth 8-6858] multi-driven net Q is connected to at least one constant driver which has been preserved, other driver is ignored [D:/Code/FPGADesign/MatrixMul/modules/systolic/systolic.v:55]
CRITICAL WARNING: [Synth 8-6858] multi-driven net Q is connected to at least one constant driver which has been preserved, other driver is ignored [D:/Code/FPGADesign/MatrixMul/modules/systolic/systolic.v:55]
CRITICAL WARNING: [Synth 8-6858] multi-driven net Q is connected to at least one constant driver which has been preserved, other driver is ignored [D:/Code/FPGADesign/MatrixMul/modules/systolic/systolic.v:56]
CRITICAL WARNING: [Synth 8-6858] multi-driven net Q is connected to at least one constant driver which has been preserved, other driver is ignored [D:/Code/FPGADesign/MatrixMul/modules/systolic/systolic.v:56]
CRITICAL WARNING: [Synth 8-6858] multi-driven net Q is connected to at least one constant driver which has been preserved, other driver is ignored [D:/Code/FPGADesign/MatrixMul/modules/systolic/systolic.v:56]
CRITICAL WARNING: [Synth 8-6858] multi-driven net Q is connected to at least one constant driver which has been preserved, other driver is ignored [D:/Code/FPGADesign/MatrixMul/modules/systolic/systolic.v:56]
CRITICAL WARNING: [Synth 8-6858] multi-driven net Q is connected to at least one constant driver which has been preserved, other driver is ignored [D:/Code/FPGADesign/MatrixMul/modules/systolic/systolic.v:56]
CRITICAL WARNING: [Synth 8-6858] multi-driven net Q is connected to at least one constant driver which has been preserved, other driver is ignored [D:/Code/FPGADesign/MatrixMul/modules/systolic/systolic.v:56]
CRITICAL WARNING: [Synth 8-6858] multi-driven net Q is connected to at least one constant driver which has been preserved, other driver is ignored [D:/Code/FPGADesign/MatrixMul/modules/systolic/systolic.v:56]
CRITICAL WARNING: [Synth 8-6858] multi-driven net Q is connected to at least one constant driver which has been preserved, other driver is ignored [D:/Code/FPGADesign/MatrixMul/modules/systolic/systolic.v:56]
CRITICAL WARNING: [Synth 8-6858] multi-driven net Q is connected to at least one constant driver which has been preserved, other driver is ignored [D:/Code/FPGADesign/MatrixMul/modules/systolic/systolic.v:56]
CRITICAL WARNING: [Synth 8-6858] multi-driven net Q is connected to at least one constant driver which has been preserved, other driver is ignored [D:/Code/FPGADesign/MatrixMul/modules/systolic/systolic.v:56]
CRITICAL WARNING: [Synth 8-6858] multi-driven net Q is connected to at least one constant driver which has been preserved, other driver is ignored [D:/Code/FPGADesign/MatrixMul/modules/systolic/systolic.v:56]
CRITICAL WARNING: [Synth 8-6858] multi-driven net Q is connected to at least one constant driver which has been preserved, other driver is ignored [D:/Code/FPGADesign/MatrixMul/modules/systolic/systolic.v:56]
CRITICAL WARNING: [Synth 8-6858] multi-driven net Q is connected to at least one constant driver which has been preserved, other driver is ignored [D:/Code/FPGADesign/MatrixMul/modules/systolic/systolic.v:56]
CRITICAL WARNING: [Synth 8-6858] multi-driven net Q is connected to at least one constant driver which has been preserved, other driver is ignored [D:/Code/FPGADesign/MatrixMul/modules/systolic/systolic.v:56]
CRITICAL WARNING: [Synth 8-6858] multi-driven net Q is connected to at least one constant driver which has been preserved, other driver is ignored [D:/Code/FPGADesign/MatrixMul/modules/systolic/systolic.v:56]
CRITICAL WARNING: [Synth 8-6858] multi-driven net Q is connected to at least one constant driver which has been preserved, other driver is ignored [D:/Code/FPGADesign/MatrixMul/modules/systolic/systolic.v:56]
CRITICAL WARNING: [Synth 8-6858] multi-driven net Q is connected to at least one constant driver which has been preserved, other driver is ignored [D:/Code/FPGADesign/MatrixMul/modules/systolic/systolic.v:57]
CRITICAL WARNING: [Synth 8-6858] multi-driven net Q is connected to at least one constant driver which has been preserved, other driver is ignored [D:/Code/FPGADesign/MatrixMul/modules/systolic/systolic.v:57]
CRITICAL WARNING: [Synth 8-6858] multi-driven net Q is connected to at least one constant driver which has been preserved, other driver is ignored [D:/Code/FPGADesign/MatrixMul/modules/systolic/systolic.v:57]
INFO: [Common 17-14] Message 'Synth 8-6858' appears 100 times and further instances of the messages will be disabled. Use the Tcl command set_msg_config to change the current settings.
---------------------------------------------------------------------------------
Finished Cross Boundary and Area Optimization : Time (s): cpu = 00:00:14 ; elapsed = 00:00:15 . Memory (MB): peak = 1274.621 ; gain = 748.555
---------------------------------------------------------------------------------
No constraint files found.
---------------------------------------------------------------------------------
Start Timing Optimization
---------------------------------------------------------------------------------
---------------------------------------------------------------------------------
Finished Timing Optimization : Time (s): cpu = 00:00:15 ; elapsed = 00:00:15 . Memory (MB): peak = 1274.621 ; gain = 748.555
---------------------------------------------------------------------------------
---------------------------------------------------------------------------------
Start Technology Mapping
---------------------------------------------------------------------------------
---------------------------------------------------------------------------------
Finished Technology Mapping : Time (s): cpu = 00:00:15 ; elapsed = 00:00:15 . Memory (MB): peak = 1274.621 ; gain = 748.555
---------------------------------------------------------------------------------
---------------------------------------------------------------------------------
Start IO Insertion
---------------------------------------------------------------------------------
---------------------------------------------------------------------------------
Start Flattening Before IO Insertion
---------------------------------------------------------------------------------
---------------------------------------------------------------------------------
Finished Flattening Before IO Insertion
---------------------------------------------------------------------------------
---------------------------------------------------------------------------------
Start Final Netlist Cleanup
---------------------------------------------------------------------------------
---------------------------------------------------------------------------------
Finished Final Netlist Cleanup
---------------------------------------------------------------------------------
---------------------------------------------------------------------------------
Finished IO Insertion : Time (s): cpu = 00:00:20 ; elapsed = 00:00:21 . Memory (MB): peak = 1274.621 ; gain = 748.555
---------------------------------------------------------------------------------
---------------------------------------------------------------------------------
Start Renaming Generated Instances
---------------------------------------------------------------------------------
---------------------------------------------------------------------------------
Finished Renaming Generated Instances : Time (s): cpu = 00:00:20 ; elapsed = 00:00:21 . Memory (MB): peak = 1274.621 ; gain = 748.555
---------------------------------------------------------------------------------
---------------------------------------------------------------------------------
Start Rebuilding User Hierarchy
---------------------------------------------------------------------------------
---------------------------------------------------------------------------------
Finished Rebuilding User Hierarchy : Time (s): cpu = 00:00:20 ; elapsed = 00:00:21 . Memory (MB): peak = 1274.621 ; gain = 748.555
---------------------------------------------------------------------------------
---------------------------------------------------------------------------------
Start Renaming Generated Ports
---------------------------------------------------------------------------------
---------------------------------------------------------------------------------
Finished Renaming Generated Ports : Time (s): cpu = 00:00:20 ; elapsed = 00:00:21 . Memory (MB): peak = 1274.621 ; gain = 748.555
---------------------------------------------------------------------------------
---------------------------------------------------------------------------------
Start Handling Custom Attributes
---------------------------------------------------------------------------------
---------------------------------------------------------------------------------
Finished Handling Custom Attributes : Time (s): cpu = 00:00:20 ; elapsed = 00:00:21 . Memory (MB): peak = 1274.621 ; gain = 748.555
---------------------------------------------------------------------------------
---------------------------------------------------------------------------------
Start Renaming Generated Nets
---------------------------------------------------------------------------------
---------------------------------------------------------------------------------
Finished Renaming Generated Nets : Time (s): cpu = 00:00:20 ; elapsed = 00:00:21 . Memory (MB): peak = 1274.621 ; gain = 748.555
---------------------------------------------------------------------------------
---------------------------------------------------------------------------------
Start Writing Synthesis Report
---------------------------------------------------------------------------------

Report BlackBoxes: 
+-+--------------+----------+
| |BlackBox name |Instances |
+-+--------------+----------+
+-+--------------+----------+

Report Cell Usage: 
+------+-----+------+
|      |Cell |Count |
+------+-----+------+
|1     |OBUF |   145|
+------+-----+------+

Report Instance Areas: 
+------+---------+-------+------+
|      |Instance |Module |Cells |
+------+---------+-------+------+
|1     |top      |       |   145|
+------+---------+-------+------+
---------------------------------------------------------------------------------
Finished Writing Synthesis Report : Time (s): cpu = 00:00:20 ; elapsed = 00:00:21 . Memory (MB): peak = 1274.621 ; gain = 748.555
---------------------------------------------------------------------------------
Synthesis finished with 0 errors, 771 critical warnings and 1 warnings.
Synthesis Optimization Runtime : Time (s): cpu = 00:00:20 ; elapsed = 00:00:21 . Memory (MB): peak = 1274.621 ; gain = 748.555
Synthesis Optimization Complete : Time (s): cpu = 00:00:20 ; elapsed = 00:00:21 . Memory (MB): peak = 1274.621 ; gain = 748.555
INFO: [Project 1-571] Translating synthesized netlist
Netlist sorting complete. Time (s): cpu = 00:00:00 ; elapsed = 00:00:00.002 . Memory (MB): peak = 1275.512 ; gain = 0.000
INFO: [Project 1-570] Preparing netlist for logic optimization
INFO: [Opt 31-138] Pushed 0 inverter(s) to 0 load pin(s).
Netlist sorting complete. Time (s): cpu = 00:00:00 ; elapsed = 00:00:00 . Memory (MB): peak = 1380.781 ; gain = 0.000
INFO: [Project 1-111] Unisim Transformation Summary:
No Unisim elements were transformed.


*** Running vivado
    with args -log systolic.vds -m64 -product Vivado -mode batch -messageDb vivado.pb -notrace -source systolic.tcl



****** Vivado v2024.1 (64-bit)
  **** SW Build 5076996 on Wed May 22 18:37:14 MDT 2024
  **** IP Build 5075265 on Wed May 22 21:45:21 MDT 2024
  **** SharedData Build 5076995 on Wed May 22 18:29:18 MDT 2024
  **** Start of session at: Tue Dec  3 00:41:00 2024
    ** Copyright 1986-2022 Xilinx, Inc. All Rights Reserved.
    ** Copyright 2022-2024 Advanced Micro Devices, Inc. All Rights Reserved.

source systolic.tcl -notrace
create_project: Time (s): cpu = 00:00:07 ; elapsed = 00:00:07 . Memory (MB): peak = 514.863 ; gain = 200.602
Command: read_checkpoint -auto_incremental -incremental D:/Code/FPGADesign/MatrixMul/MatrixMul/MatrixMul.srcs/utils_1/imports/synth_1/systolic.dcp
INFO: [Vivado 12-5825] Read reference checkpoint from D:/Code/FPGADesign/MatrixMul/MatrixMul/MatrixMul.srcs/utils_1/imports/synth_1/systolic.dcp for incremental synthesis
INFO: [Vivado 12-7989] Please ensure there are no constraint changes
Command: synth_design -top systolic -part xc7k70tfbv676-1
Starting synth_design
Attempting to get a license for feature 'Synthesis' and/or device 'xc7k70t'
INFO: [Common 17-349] Got license for feature 'Synthesis' and/or device 'xc7k70t'
INFO: [Designutils 20-5440] No compile time benefit to using incremental synthesis; A full resynthesis will be run
INFO: [Designutils 20-4379] Flow is switching to default flow due to incremental criteria not met. If you would like to alter this behaviour and have the flow terminate instead, please set the following parameter config_implementation {autoIncr.Synth.RejectBehavior Terminate}
INFO: [Synth 8-7079] Multithreading enabled for synth_design using a maximum of 2 processes.
INFO: [Synth 8-7078] Launching helper process for spawning children vivado processes
INFO: [Synth 8-7075] Helper process launched with PID 18308
---------------------------------------------------------------------------------
Starting Synthesize : Time (s): cpu = 00:00:06 ; elapsed = 00:00:06 . Memory (MB): peak = 977.750 ; gain = 451.012
---------------------------------------------------------------------------------
INFO: [Synth 8-6157] synthesizing module 'systolic' [D:/Code/FPGADesign/MatrixMul/modules/systolic/systolic.v:1]
INFO: [Synth 8-6157] synthesizing module 'pe' [D:/Code/FPGADesign/MatrixMul/modules/systolic/pe.v:1]
INFO: [Synth 8-6155] done synthesizing module 'pe' (0#1) [D:/Code/FPGADesign/MatrixMul/modules/systolic/pe.v:1]
INFO: [Synth 8-6157] synthesizing module 'de' [D:/Code/FPGADesign/MatrixMul/modules/systolic/de.v:1]
INFO: [Synth 8-6155] done synthesizing module 'de' (0#1) [D:/Code/FPGADesign/MatrixMul/modules/systolic/de.v:1]
INFO: [Synth 8-6155] done synthesizing module 'systolic' (0#1) [D:/Code/FPGADesign/MatrixMul/modules/systolic/systolic.v:1]
---------------------------------------------------------------------------------
Finished Synthesize : Time (s): cpu = 00:00:07 ; elapsed = 00:00:08 . Memory (MB): peak = 1091.434 ; gain = 564.695
---------------------------------------------------------------------------------
---------------------------------------------------------------------------------
Finished Constraint Validation : Time (s): cpu = 00:00:08 ; elapsed = 00:00:08 . Memory (MB): peak = 1091.434 ; gain = 564.695
---------------------------------------------------------------------------------
---------------------------------------------------------------------------------
Start Loading Part and Timing Information
---------------------------------------------------------------------------------
Loading part: xc7k70tfbv676-1
---------------------------------------------------------------------------------
Finished Loading Part and Timing Information : Time (s): cpu = 00:00:08 ; elapsed = 00:00:08 . Memory (MB): peak = 1091.434 ; gain = 564.695
---------------------------------------------------------------------------------
INFO: [Device 21-403] Loading part xc7k70tfbv676-1
---------------------------------------------------------------------------------
Finished RTL Optimization Phase 2 : Time (s): cpu = 00:00:08 ; elapsed = 00:00:09 . Memory (MB): peak = 1091.434 ; gain = 564.695
---------------------------------------------------------------------------------
No constraint files found.
---------------------------------------------------------------------------------
Start RTL Component Statistics 
---------------------------------------------------------------------------------
Detailed RTL Component Info : 
+---Adders : 
	   2 Input   32 Bit       Adders := 1     
+---Registers : 
	               16 Bit    Registers := 19    
	                8 Bit    Registers := 50    
+---Muxes : 
	   2 Input    8 Bit        Muxes := 10    
	   7 Input    8 Bit        Muxes := 8     
	   2 Input    1 Bit        Muxes := 4     
	   7 Input    1 Bit        Muxes := 4     
---------------------------------------------------------------------------------
Finished RTL Component Statistics 
---------------------------------------------------------------------------------
---------------------------------------------------------------------------------
Start Part Resource Summary
---------------------------------------------------------------------------------
INFO: [Device 21-9227] Part: xc7k70tfbv676-1 does not have CEAM library.
Part Resources:
DSPs: 240 (col length:80)
BRAMs: 270 (col length: RAMB18 80 RAMB36 40)
---------------------------------------------------------------------------------
Finished Part Resource Summary
---------------------------------------------------------------------------------
No constraint files found.
---------------------------------------------------------------------------------
Start Cross Boundary and Area Optimization
---------------------------------------------------------------------------------
WARNING: [Synth 8-7080] Parallel synthesis criteria is not met
CRITICAL WARNING: [Synth 8-6859] multi-driven net on pin Q with 1st driver pin 'done_o_reg__0/Q' [D:/Code/FPGADesign/MatrixMul/modules/systolic/systolic.v:60]
CRITICAL WARNING: [Synth 8-6859] multi-driven net on pin Q with 2nd driver pin 'GND' [D:/Code/FPGADesign/MatrixMul/modules/systolic/systolic.v:60]
CRITICAL WARNING: [Synth 8-6858] multi-driven net Q is connected to at least one constant driver which has been preserved, other driver is ignored [D:/Code/FPGADesign/MatrixMul/modules/systolic/systolic.v:60]
CRITICAL WARNING: [Synth 8-6859] multi-driven net on pin Q with 1st driver pin 'c1_reg[15]__0/Q' [D:/Code/FPGADesign/MatrixMul/modules/systolic/systolic.v:51]
CRITICAL WARNING: [Synth 8-6859] multi-driven net on pin Q with 2nd driver pin 'GND' [D:/Code/FPGADesign/MatrixMul/modules/systolic/systolic.v:51]
CRITICAL WARNING: [Synth 8-6858] multi-driven net Q is connected to at least one constant driver which has been preserved, other driver is ignored [D:/Code/FPGADesign/MatrixMul/modules/systolic/systolic.v:51]
CRITICAL WARNING: [Synth 8-6859] multi-driven net on pin Q with 1st driver pin 'c1_reg[14]__0/Q' [D:/Code/FPGADesign/MatrixMul/modules/systolic/systolic.v:51]
CRITICAL WARNING: [Synth 8-6859] multi-driven net on pin Q with 2nd driver pin 'GND' [D:/Code/FPGADesign/MatrixMul/modules/systolic/systolic.v:51]
CRITICAL WARNING: [Synth 8-6858] multi-driven net Q is connected to at least one constant driver which has been preserved, other driver is ignored [D:/Code/FPGADesign/MatrixMul/modules/systolic/systolic.v:51]
CRITICAL WARNING: [Synth 8-6859] multi-driven net on pin Q with 1st driver pin 'c1_reg[13]__0/Q' [D:/Code/FPGADesign/MatrixMul/modules/systolic/systolic.v:51]
CRITICAL WARNING: [Synth 8-6859] multi-driven net on pin Q with 2nd driver pin 'GND' [D:/Code/FPGADesign/MatrixMul/modules/systolic/systolic.v:51]
CRITICAL WARNING: [Synth 8-6858] multi-driven net Q is connected to at least one constant driver which has been preserved, other driver is ignored [D:/Code/FPGADesign/MatrixMul/modules/systolic/systolic.v:51]
CRITICAL WARNING: [Synth 8-6859] multi-driven net on pin Q with 1st driver pin 'c1_reg[12]__0/Q' [D:/Code/FPGADesign/MatrixMul/modules/systolic/systolic.v:51]
CRITICAL WARNING: [Synth 8-6859] multi-driven net on pin Q with 2nd driver pin 'GND' [D:/Code/FPGADesign/MatrixMul/modules/systolic/systolic.v:51]
CRITICAL WARNING: [Synth 8-6858] multi-driven net Q is connected to at least one constant driver which has been preserved, other driver is ignored [D:/Code/FPGADesign/MatrixMul/modules/systolic/systolic.v:51]
CRITICAL WARNING: [Synth 8-6859] multi-driven net on pin Q with 1st driver pin 'c1_reg[11]__0/Q' [D:/Code/FPGADesign/MatrixMul/modules/systolic/systolic.v:51]
CRITICAL WARNING: [Synth 8-6859] multi-driven net on pin Q with 2nd driver pin 'GND' [D:/Code/FPGADesign/MatrixMul/modules/systolic/systolic.v:51]
CRITICAL WARNING: [Synth 8-6858] multi-driven net Q is connected to at least one constant driver which has been preserved, other driver is ignored [D:/Code/FPGADesign/MatrixMul/modules/systolic/systolic.v:51]
CRITICAL WARNING: [Synth 8-6859] multi-driven net on pin Q with 1st driver pin 'c1_reg[10]__0/Q' [D:/Code/FPGADesign/MatrixMul/modules/systolic/systolic.v:51]
CRITICAL WARNING: [Synth 8-6859] multi-driven net on pin Q with 2nd driver pin 'GND' [D:/Code/FPGADesign/MatrixMul/modules/systolic/systolic.v:51]
CRITICAL WARNING: [Synth 8-6858] multi-driven net Q is connected to at least one constant driver which has been preserved, other driver is ignored [D:/Code/FPGADesign/MatrixMul/modules/systolic/systolic.v:51]
CRITICAL WARNING: [Synth 8-6859] multi-driven net on pin Q with 1st driver pin 'c1_reg[9]__0/Q' [D:/Code/FPGADesign/MatrixMul/modules/systolic/systolic.v:51]
CRITICAL WARNING: [Synth 8-6859] multi-driven net on pin Q with 2nd driver pin 'GND' [D:/Code/FPGADesign/MatrixMul/modules/systolic/systolic.v:51]
CRITICAL WARNING: [Synth 8-6858] multi-driven net Q is connected to at least one constant driver which has been preserved, other driver is ignored [D:/Code/FPGADesign/MatrixMul/modules/systolic/systolic.v:51]
CRITICAL WARNING: [Synth 8-6859] multi-driven net on pin Q with 1st driver pin 'c1_reg[8]__0/Q' [D:/Code/FPGADesign/MatrixMul/modules/systolic/systolic.v:51]
CRITICAL WARNING: [Synth 8-6859] multi-driven net on pin Q with 2nd driver pin 'GND' [D:/Code/FPGADesign/MatrixMul/modules/systolic/systolic.v:51]
CRITICAL WARNING: [Synth 8-6858] multi-driven net Q is connected to at least one constant driver which has been preserved, other driver is ignored [D:/Code/FPGADesign/MatrixMul/modules/systolic/systolic.v:51]
CRITICAL WARNING: [Synth 8-6859] multi-driven net on pin Q with 1st driver pin 'c1_reg[7]__0/Q' [D:/Code/FPGADesign/MatrixMul/modules/systolic/systolic.v:51]
CRITICAL WARNING: [Synth 8-6859] multi-driven net on pin Q with 2nd driver pin 'GND' [D:/Code/FPGADesign/MatrixMul/modules/systolic/systolic.v:51]
CRITICAL WARNING: [Synth 8-6858] multi-driven net Q is connected to at least one constant driver which has been preserved, other driver is ignored [D:/Code/FPGADesign/MatrixMul/modules/systolic/systolic.v:51]
CRITICAL WARNING: [Synth 8-6859] multi-driven net on pin Q with 1st driver pin 'c1_reg[6]__0/Q' [D:/Code/FPGADesign/MatrixMul/modules/systolic/systolic.v:51]
CRITICAL WARNING: [Synth 8-6859] multi-driven net on pin Q with 2nd driver pin 'GND' [D:/Code/FPGADesign/MatrixMul/modules/systolic/systolic.v:51]
CRITICAL WARNING: [Synth 8-6858] multi-driven net Q is connected to at least one constant driver which has been preserved, other driver is ignored [D:/Code/FPGADesign/MatrixMul/modules/systolic/systolic.v:51]
CRITICAL WARNING: [Synth 8-6859] multi-driven net on pin Q with 1st driver pin 'c1_reg[5]__0/Q' [D:/Code/FPGADesign/MatrixMul/modules/systolic/systolic.v:51]
CRITICAL WARNING: [Synth 8-6859] multi-driven net on pin Q with 2nd driver pin 'GND' [D:/Code/FPGADesign/MatrixMul/modules/systolic/systolic.v:51]
CRITICAL WARNING: [Synth 8-6858] multi-driven net Q is connected to at least one constant driver which has been preserved, other driver is ignored [D:/Code/FPGADesign/MatrixMul/modules/systolic/systolic.v:51]
CRITICAL WARNING: [Synth 8-6859] multi-driven net on pin Q with 1st driver pin 'c1_reg[4]__0/Q' [D:/Code/FPGADesign/MatrixMul/modules/systolic/systolic.v:51]
CRITICAL WARNING: [Synth 8-6859] multi-driven net on pin Q with 2nd driver pin 'GND' [D:/Code/FPGADesign/MatrixMul/modules/systolic/systolic.v:51]
CRITICAL WARNING: [Synth 8-6858] multi-driven net Q is connected to at least one constant driver which has been preserved, other driver is ignored [D:/Code/FPGADesign/MatrixMul/modules/systolic/systolic.v:51]
CRITICAL WARNING: [Synth 8-6859] multi-driven net on pin Q with 1st driver pin 'c1_reg[3]__0/Q' [D:/Code/FPGADesign/MatrixMul/modules/systolic/systolic.v:51]
CRITICAL WARNING: [Synth 8-6859] multi-driven net on pin Q with 2nd driver pin 'GND' [D:/Code/FPGADesign/MatrixMul/modules/systolic/systolic.v:51]
CRITICAL WARNING: [Synth 8-6858] multi-driven net Q is connected to at least one constant driver which has been preserved, other driver is ignored [D:/Code/FPGADesign/MatrixMul/modules/systolic/systolic.v:51]
CRITICAL WARNING: [Synth 8-6859] multi-driven net on pin Q with 1st driver pin 'c1_reg[2]__0/Q' [D:/Code/FPGADesign/MatrixMul/modules/systolic/systolic.v:51]
CRITICAL WARNING: [Synth 8-6859] multi-driven net on pin Q with 2nd driver pin 'GND' [D:/Code/FPGADesign/MatrixMul/modules/systolic/systolic.v:51]
CRITICAL WARNING: [Synth 8-6858] multi-driven net Q is connected to at least one constant driver which has been preserved, other driver is ignored [D:/Code/FPGADesign/MatrixMul/modules/systolic/systolic.v:51]
CRITICAL WARNING: [Synth 8-6859] multi-driven net on pin Q with 1st driver pin 'c1_reg[1]__0/Q' [D:/Code/FPGADesign/MatrixMul/modules/systolic/systolic.v:51]
CRITICAL WARNING: [Synth 8-6859] multi-driven net on pin Q with 2nd driver pin 'GND' [D:/Code/FPGADesign/MatrixMul/modules/systolic/systolic.v:51]
CRITICAL WARNING: [Synth 8-6858] multi-driven net Q is connected to at least one constant driver which has been preserved, other driver is ignored [D:/Code/FPGADesign/MatrixMul/modules/systolic/systolic.v:51]
CRITICAL WARNING: [Synth 8-6859] multi-driven net on pin Q with 1st driver pin 'c1_reg[0]__0/Q' [D:/Code/FPGADesign/MatrixMul/modules/systolic/systolic.v:51]
CRITICAL WARNING: [Synth 8-6859] multi-driven net on pin Q with 2nd driver pin 'GND' [D:/Code/FPGADesign/MatrixMul/modules/systolic/systolic.v:51]
CRITICAL WARNING: [Synth 8-6858] multi-driven net Q is connected to at least one constant driver which has been preserved, other driver is ignored [D:/Code/FPGADesign/MatrixMul/modules/systolic/systolic.v:51]
CRITICAL WARNING: [Synth 8-6859] multi-driven net on pin Q with 1st driver pin 'c2_reg[15]__0/Q' [D:/Code/FPGADesign/MatrixMul/modules/systolic/systolic.v:52]
CRITICAL WARNING: [Synth 8-6859] multi-driven net on pin Q with 2nd driver pin 'GND' [D:/Code/FPGADesign/MatrixMul/modules/systolic/systolic.v:52]
CRITICAL WARNING: [Synth 8-6858] multi-driven net Q is connected to at least one constant driver which has been preserved, other driver is ignored [D:/Code/FPGADesign/MatrixMul/modules/systolic/systolic.v:52]
CRITICAL WARNING: [Synth 8-6859] multi-driven net on pin Q with 1st driver pin 'c2_reg[14]__0/Q' [D:/Code/FPGADesign/MatrixMul/modules/systolic/systolic.v:52]
CRITICAL WARNING: [Synth 8-6859] multi-driven net on pin Q with 2nd driver pin 'GND' [D:/Code/FPGADesign/MatrixMul/modules/systolic/systolic.v:52]
CRITICAL WARNING: [Synth 8-6858] multi-driven net Q is connected to at least one constant driver which has been preserved, other driver is ignored [D:/Code/FPGADesign/MatrixMul/modules/systolic/systolic.v:52]
CRITICAL WARNING: [Synth 8-6859] multi-driven net on pin Q with 1st driver pin 'c2_reg[13]__0/Q' [D:/Code/FPGADesign/MatrixMul/modules/systolic/systolic.v:52]
CRITICAL WARNING: [Synth 8-6859] multi-driven net on pin Q with 2nd driver pin 'GND' [D:/Code/FPGADesign/MatrixMul/modules/systolic/systolic.v:52]
CRITICAL WARNING: [Synth 8-6858] multi-driven net Q is connected to at least one constant driver which has been preserved, other driver is ignored [D:/Code/FPGADesign/MatrixMul/modules/systolic/systolic.v:52]
CRITICAL WARNING: [Synth 8-6859] multi-driven net on pin Q with 1st driver pin 'c2_reg[12]__0/Q' [D:/Code/FPGADesign/MatrixMul/modules/systolic/systolic.v:52]
CRITICAL WARNING: [Synth 8-6859] multi-driven net on pin Q with 2nd driver pin 'GND' [D:/Code/FPGADesign/MatrixMul/modules/systolic/systolic.v:52]
CRITICAL WARNING: [Synth 8-6858] multi-driven net Q is connected to at least one constant driver which has been preserved, other driver is ignored [D:/Code/FPGADesign/MatrixMul/modules/systolic/systolic.v:52]
CRITICAL WARNING: [Synth 8-6859] multi-driven net on pin Q with 1st driver pin 'c2_reg[11]__0/Q' [D:/Code/FPGADesign/MatrixMul/modules/systolic/systolic.v:52]
CRITICAL WARNING: [Synth 8-6859] multi-driven net on pin Q with 2nd driver pin 'GND' [D:/Code/FPGADesign/MatrixMul/modules/systolic/systolic.v:52]
CRITICAL WARNING: [Synth 8-6858] multi-driven net Q is connected to at least one constant driver which has been preserved, other driver is ignored [D:/Code/FPGADesign/MatrixMul/modules/systolic/systolic.v:52]
CRITICAL WARNING: [Synth 8-6859] multi-driven net on pin Q with 1st driver pin 'c2_reg[10]__0/Q' [D:/Code/FPGADesign/MatrixMul/modules/systolic/systolic.v:52]
CRITICAL WARNING: [Synth 8-6859] multi-driven net on pin Q with 2nd driver pin 'GND' [D:/Code/FPGADesign/MatrixMul/modules/systolic/systolic.v:52]
CRITICAL WARNING: [Synth 8-6858] multi-driven net Q is connected to at least one constant driver which has been preserved, other driver is ignored [D:/Code/FPGADesign/MatrixMul/modules/systolic/systolic.v:52]
CRITICAL WARNING: [Synth 8-6859] multi-driven net on pin Q with 1st driver pin 'c2_reg[9]__0/Q' [D:/Code/FPGADesign/MatrixMul/modules/systolic/systolic.v:52]
CRITICAL WARNING: [Synth 8-6859] multi-driven net on pin Q with 2nd driver pin 'GND' [D:/Code/FPGADesign/MatrixMul/modules/systolic/systolic.v:52]
CRITICAL WARNING: [Synth 8-6858] multi-driven net Q is connected to at least one constant driver which has been preserved, other driver is ignored [D:/Code/FPGADesign/MatrixMul/modules/systolic/systolic.v:52]
CRITICAL WARNING: [Synth 8-6859] multi-driven net on pin Q with 1st driver pin 'c2_reg[8]__0/Q' [D:/Code/FPGADesign/MatrixMul/modules/systolic/systolic.v:52]
CRITICAL WARNING: [Synth 8-6859] multi-driven net on pin Q with 2nd driver pin 'GND' [D:/Code/FPGADesign/MatrixMul/modules/systolic/systolic.v:52]
CRITICAL WARNING: [Synth 8-6858] multi-driven net Q is connected to at least one constant driver which has been preserved, other driver is ignored [D:/Code/FPGADesign/MatrixMul/modules/systolic/systolic.v:52]
CRITICAL WARNING: [Synth 8-6859] multi-driven net on pin Q with 1st driver pin 'c2_reg[7]__0/Q' [D:/Code/FPGADesign/MatrixMul/modules/systolic/systolic.v:52]
CRITICAL WARNING: [Synth 8-6859] multi-driven net on pin Q with 2nd driver pin 'GND' [D:/Code/FPGADesign/MatrixMul/modules/systolic/systolic.v:52]
CRITICAL WARNING: [Synth 8-6858] multi-driven net Q is connected to at least one constant driver which has been preserved, other driver is ignored [D:/Code/FPGADesign/MatrixMul/modules/systolic/systolic.v:52]
CRITICAL WARNING: [Synth 8-6859] multi-driven net on pin Q with 1st driver pin 'c2_reg[6]__0/Q' [D:/Code/FPGADesign/MatrixMul/modules/systolic/systolic.v:52]
CRITICAL WARNING: [Synth 8-6859] multi-driven net on pin Q with 2nd driver pin 'GND' [D:/Code/FPGADesign/MatrixMul/modules/systolic/systolic.v:52]
CRITICAL WARNING: [Synth 8-6858] multi-driven net Q is connected to at least one constant driver which has been preserved, other driver is ignored [D:/Code/FPGADesign/MatrixMul/modules/systolic/systolic.v:52]
CRITICAL WARNING: [Synth 8-6859] multi-driven net on pin Q with 1st driver pin 'c2_reg[5]__0/Q' [D:/Code/FPGADesign/MatrixMul/modules/systolic/systolic.v:52]
CRITICAL WARNING: [Synth 8-6859] multi-driven net on pin Q with 2nd driver pin 'GND' [D:/Code/FPGADesign/MatrixMul/modules/systolic/systolic.v:52]
CRITICAL WARNING: [Synth 8-6858] multi-driven net Q is connected to at least one constant driver which has been preserved, other driver is ignored [D:/Code/FPGADesign/MatrixMul/modules/systolic/systolic.v:52]
CRITICAL WARNING: [Synth 8-6859] multi-driven net on pin Q with 1st driver pin 'c2_reg[4]__0/Q' [D:/Code/FPGADesign/MatrixMul/modules/systolic/systolic.v:52]
CRITICAL WARNING: [Synth 8-6859] multi-driven net on pin Q with 2nd driver pin 'GND' [D:/Code/FPGADesign/MatrixMul/modules/systolic/systolic.v:52]
CRITICAL WARNING: [Synth 8-6858] multi-driven net Q is connected to at least one constant driver which has been preserved, other driver is ignored [D:/Code/FPGADesign/MatrixMul/modules/systolic/systolic.v:52]
CRITICAL WARNING: [Synth 8-6859] multi-driven net on pin Q with 1st driver pin 'c2_reg[3]__0/Q' [D:/Code/FPGADesign/MatrixMul/modules/systolic/systolic.v:52]
CRITICAL WARNING: [Synth 8-6859] multi-driven net on pin Q with 2nd driver pin 'GND' [D:/Code/FPGADesign/MatrixMul/modules/systolic/systolic.v:52]
CRITICAL WARNING: [Synth 8-6858] multi-driven net Q is connected to at least one constant driver which has been preserved, other driver is ignored [D:/Code/FPGADesign/MatrixMul/modules/systolic/systolic.v:52]
CRITICAL WARNING: [Synth 8-6859] multi-driven net on pin Q with 1st driver pin 'c2_reg[2]__0/Q' [D:/Code/FPGADesign/MatrixMul/modules/systolic/systolic.v:52]
CRITICAL WARNING: [Synth 8-6859] multi-driven net on pin Q with 2nd driver pin 'GND' [D:/Code/FPGADesign/MatrixMul/modules/systolic/systolic.v:52]
CRITICAL WARNING: [Synth 8-6858] multi-driven net Q is connected to at least one constant driver which has been preserved, other driver is ignored [D:/Code/FPGADesign/MatrixMul/modules/systolic/systolic.v:52]
CRITICAL WARNING: [Synth 8-6859] multi-driven net on pin Q with 1st driver pin 'c2_reg[1]__0/Q' [D:/Code/FPGADesign/MatrixMul/modules/systolic/systolic.v:52]
CRITICAL WARNING: [Synth 8-6859] multi-driven net on pin Q with 2nd driver pin 'GND' [D:/Code/FPGADesign/MatrixMul/modules/systolic/systolic.v:52]
CRITICAL WARNING: [Synth 8-6858] multi-driven net Q is connected to at least one constant driver which has been preserved, other driver is ignored [D:/Code/FPGADesign/MatrixMul/modules/systolic/systolic.v:52]
CRITICAL WARNING: [Synth 8-6859] multi-driven net on pin Q with 1st driver pin 'c2_reg[0]__0/Q' [D:/Code/FPGADesign/MatrixMul/modules/systolic/systolic.v:52]
CRITICAL WARNING: [Synth 8-6859] multi-driven net on pin Q with 2nd driver pin 'GND' [D:/Code/FPGADesign/MatrixMul/modules/systolic/systolic.v:52]
CRITICAL WARNING: [Synth 8-6858] multi-driven net Q is connected to at least one constant driver which has been preserved, other driver is ignored [D:/Code/FPGADesign/MatrixMul/modules/systolic/systolic.v:52]
CRITICAL WARNING: [Synth 8-6859] multi-driven net on pin Q with 1st driver pin 'c3_reg[15]__0/Q' [D:/Code/FPGADesign/MatrixMul/modules/systolic/systolic.v:53]
CRITICAL WARNING: [Synth 8-6859] multi-driven net on pin Q with 2nd driver pin 'GND' [D:/Code/FPGADesign/MatrixMul/modules/systolic/systolic.v:53]
CRITICAL WARNING: [Synth 8-6858] multi-driven net Q is connected to at least one constant driver which has been preserved, other driver is ignored [D:/Code/FPGADesign/MatrixMul/modules/systolic/systolic.v:53]
CRITICAL WARNING: [Synth 8-6859] multi-driven net on pin Q with 1st driver pin 'c3_reg[14]__0/Q' [D:/Code/FPGADesign/MatrixMul/modules/systolic/systolic.v:53]
CRITICAL WARNING: [Synth 8-6859] multi-driven net on pin Q with 2nd driver pin 'GND' [D:/Code/FPGADesign/MatrixMul/modules/systolic/systolic.v:53]
CRITICAL WARNING: [Synth 8-6858] multi-driven net Q is connected to at least one constant driver which has been preserved, other driver is ignored [D:/Code/FPGADesign/MatrixMul/modules/systolic/systolic.v:53]
CRITICAL WARNING: [Synth 8-6859] multi-driven net on pin Q with 1st driver pin 'c3_reg[13]__0/Q' [D:/Code/FPGADesign/MatrixMul/modules/systolic/systolic.v:53]
CRITICAL WARNING: [Synth 8-6859] multi-driven net on pin Q with 2nd driver pin 'GND' [D:/Code/FPGADesign/MatrixMul/modules/systolic/systolic.v:53]
CRITICAL WARNING: [Synth 8-6858] multi-driven net Q is connected to at least one constant driver which has been preserved, other driver is ignored [D:/Code/FPGADesign/MatrixMul/modules/systolic/systolic.v:53]
CRITICAL WARNING: [Synth 8-6859] multi-driven net on pin Q with 1st driver pin 'c3_reg[12]__0/Q' [D:/Code/FPGADesign/MatrixMul/modules/systolic/systolic.v:53]
CRITICAL WARNING: [Synth 8-6859] multi-driven net on pin Q with 2nd driver pin 'GND' [D:/Code/FPGADesign/MatrixMul/modules/systolic/systolic.v:53]
CRITICAL WARNING: [Synth 8-6858] multi-driven net Q is connected to at least one constant driver which has been preserved, other driver is ignored [D:/Code/FPGADesign/MatrixMul/modules/systolic/systolic.v:53]
CRITICAL WARNING: [Synth 8-6859] multi-driven net on pin Q with 1st driver pin 'c3_reg[11]__0/Q' [D:/Code/FPGADesign/MatrixMul/modules/systolic/systolic.v:53]
CRITICAL WARNING: [Synth 8-6859] multi-driven net on pin Q with 2nd driver pin 'GND' [D:/Code/FPGADesign/MatrixMul/modules/systolic/systolic.v:53]
CRITICAL WARNING: [Synth 8-6858] multi-driven net Q is connected to at least one constant driver which has been preserved, other driver is ignored [D:/Code/FPGADesign/MatrixMul/modules/systolic/systolic.v:53]
CRITICAL WARNING: [Synth 8-6859] multi-driven net on pin Q with 1st driver pin 'c3_reg[10]__0/Q' [D:/Code/FPGADesign/MatrixMul/modules/systolic/systolic.v:53]
CRITICAL WARNING: [Synth 8-6859] multi-driven net on pin Q with 2nd driver pin 'GND' [D:/Code/FPGADesign/MatrixMul/modules/systolic/systolic.v:53]
CRITICAL WARNING: [Synth 8-6858] multi-driven net Q is connected to at least one constant driver which has been preserved, other driver is ignored [D:/Code/FPGADesign/MatrixMul/modules/systolic/systolic.v:53]
CRITICAL WARNING: [Synth 8-6859] multi-driven net on pin Q with 1st driver pin 'c3_reg[9]__0/Q' [D:/Code/FPGADesign/MatrixMul/modules/systolic/systolic.v:53]
CRITICAL WARNING: [Synth 8-6859] multi-driven net on pin Q with 2nd driver pin 'GND' [D:/Code/FPGADesign/MatrixMul/modules/systolic/systolic.v:53]
CRITICAL WARNING: [Synth 8-6858] multi-driven net Q is connected to at least one constant driver which has been preserved, other driver is ignored [D:/Code/FPGADesign/MatrixMul/modules/systolic/systolic.v:53]
CRITICAL WARNING: [Synth 8-6859] multi-driven net on pin Q with 1st driver pin 'c3_reg[8]__0/Q' [D:/Code/FPGADesign/MatrixMul/modules/systolic/systolic.v:53]
CRITICAL WARNING: [Synth 8-6859] multi-driven net on pin Q with 2nd driver pin 'GND' [D:/Code/FPGADesign/MatrixMul/modules/systolic/systolic.v:53]
CRITICAL WARNING: [Synth 8-6858] multi-driven net Q is connected to at least one constant driver which has been preserved, other driver is ignored [D:/Code/FPGADesign/MatrixMul/modules/systolic/systolic.v:53]
CRITICAL WARNING: [Synth 8-6859] multi-driven net on pin Q with 1st driver pin 'c3_reg[7]__0/Q' [D:/Code/FPGADesign/MatrixMul/modules/systolic/systolic.v:53]
CRITICAL WARNING: [Synth 8-6859] multi-driven net on pin Q with 2nd driver pin 'GND' [D:/Code/FPGADesign/MatrixMul/modules/systolic/systolic.v:53]
CRITICAL WARNING: [Synth 8-6858] multi-driven net Q is connected to at least one constant driver which has been preserved, other driver is ignored [D:/Code/FPGADesign/MatrixMul/modules/systolic/systolic.v:53]
CRITICAL WARNING: [Synth 8-6859] multi-driven net on pin Q with 1st driver pin 'c3_reg[6]__0/Q' [D:/Code/FPGADesign/MatrixMul/modules/systolic/systolic.v:53]
CRITICAL WARNING: [Synth 8-6859] multi-driven net on pin Q with 2nd driver pin 'GND' [D:/Code/FPGADesign/MatrixMul/modules/systolic/systolic.v:53]
CRITICAL WARNING: [Synth 8-6858] multi-driven net Q is connected to at least one constant driver which has been preserved, other driver is ignored [D:/Code/FPGADesign/MatrixMul/modules/systolic/systolic.v:53]
CRITICAL WARNING: [Synth 8-6859] multi-driven net on pin Q with 1st driver pin 'c3_reg[5]__0/Q' [D:/Code/FPGADesign/MatrixMul/modules/systolic/systolic.v:53]
CRITICAL WARNING: [Synth 8-6859] multi-driven net on pin Q with 2nd driver pin 'GND' [D:/Code/FPGADesign/MatrixMul/modules/systolic/systolic.v:53]
CRITICAL WARNING: [Synth 8-6858] multi-driven net Q is connected to at least one constant driver which has been preserved, other driver is ignored [D:/Code/FPGADesign/MatrixMul/modules/systolic/systolic.v:53]
CRITICAL WARNING: [Synth 8-6859] multi-driven net on pin Q with 1st driver pin 'c3_reg[4]__0/Q' [D:/Code/FPGADesign/MatrixMul/modules/systolic/systolic.v:53]
CRITICAL WARNING: [Synth 8-6859] multi-driven net on pin Q with 2nd driver pin 'GND' [D:/Code/FPGADesign/MatrixMul/modules/systolic/systolic.v:53]
CRITICAL WARNING: [Synth 8-6858] multi-driven net Q is connected to at least one constant driver which has been preserved, other driver is ignored [D:/Code/FPGADesign/MatrixMul/modules/systolic/systolic.v:53]
CRITICAL WARNING: [Synth 8-6859] multi-driven net on pin Q with 1st driver pin 'c3_reg[3]__0/Q' [D:/Code/FPGADesign/MatrixMul/modules/systolic/systolic.v:53]
CRITICAL WARNING: [Synth 8-6859] multi-driven net on pin Q with 2nd driver pin 'GND' [D:/Code/FPGADesign/MatrixMul/modules/systolic/systolic.v:53]
CRITICAL WARNING: [Synth 8-6858] multi-driven net Q is connected to at least one constant driver which has been preserved, other driver is ignored [D:/Code/FPGADesign/MatrixMul/modules/systolic/systolic.v:53]
CRITICAL WARNING: [Synth 8-6859] multi-driven net on pin Q with 1st driver pin 'c3_reg[2]__0/Q' [D:/Code/FPGADesign/MatrixMul/modules/systolic/systolic.v:53]
CRITICAL WARNING: [Synth 8-6859] multi-driven net on pin Q with 2nd driver pin 'GND' [D:/Code/FPGADesign/MatrixMul/modules/systolic/systolic.v:53]
CRITICAL WARNING: [Synth 8-6858] multi-driven net Q is connected to at least one constant driver which has been preserved, other driver is ignored [D:/Code/FPGADesign/MatrixMul/modules/systolic/systolic.v:53]
CRITICAL WARNING: [Synth 8-6859] multi-driven net on pin Q with 1st driver pin 'c3_reg[1]__0/Q' [D:/Code/FPGADesign/MatrixMul/modules/systolic/systolic.v:53]
CRITICAL WARNING: [Synth 8-6859] multi-driven net on pin Q with 2nd driver pin 'GND' [D:/Code/FPGADesign/MatrixMul/modules/systolic/systolic.v:53]
CRITICAL WARNING: [Synth 8-6858] multi-driven net Q is connected to at least one constant driver which has been preserved, other driver is ignored [D:/Code/FPGADesign/MatrixMul/modules/systolic/systolic.v:53]
CRITICAL WARNING: [Synth 8-6859] multi-driven net on pin Q with 1st driver pin 'c3_reg[0]__0/Q' [D:/Code/FPGADesign/MatrixMul/modules/systolic/systolic.v:53]
CRITICAL WARNING: [Synth 8-6859] multi-driven net on pin Q with 2nd driver pin 'GND' [D:/Code/FPGADesign/MatrixMul/modules/systolic/systolic.v:53]
CRITICAL WARNING: [Synth 8-6858] multi-driven net Q is connected to at least one constant driver which has been preserved, other driver is ignored [D:/Code/FPGADesign/MatrixMul/modules/systolic/systolic.v:53]
CRITICAL WARNING: [Synth 8-6859] multi-driven net on pin Q with 1st driver pin 'c4_reg[15]__0/Q' [D:/Code/FPGADesign/MatrixMul/modules/systolic/systolic.v:54]
CRITICAL WARNING: [Synth 8-6859] multi-driven net on pin Q with 2nd driver pin 'GND' [D:/Code/FPGADesign/MatrixMul/modules/systolic/systolic.v:54]
INFO: [Common 17-14] Message 'Synth 8-6859' appears 100 times and further instances of the messages will be disabled. Use the Tcl command set_msg_config to change the current settings.
CRITICAL WARNING: [Synth 8-6858] multi-driven net Q is connected to at least one constant driver which has been preserved, other driver is ignored [D:/Code/FPGADesign/MatrixMul/modules/systolic/systolic.v:54]
CRITICAL WARNING: [Synth 8-6858] multi-driven net Q is connected to at least one constant driver which has been preserved, other driver is ignored [D:/Code/FPGADesign/MatrixMul/modules/systolic/systolic.v:54]
CRITICAL WARNING: [Synth 8-6858] multi-driven net Q is connected to at least one constant driver which has been preserved, other driver is ignored [D:/Code/FPGADesign/MatrixMul/modules/systolic/systolic.v:54]
CRITICAL WARNING: [Synth 8-6858] multi-driven net Q is connected to at least one constant driver which has been preserved, other driver is ignored [D:/Code/FPGADesign/MatrixMul/modules/systolic/systolic.v:54]
CRITICAL WARNING: [Synth 8-6858] multi-driven net Q is connected to at least one constant driver which has been preserved, other driver is ignored [D:/Code/FPGADesign/MatrixMul/modules/systolic/systolic.v:54]
CRITICAL WARNING: [Synth 8-6858] multi-driven net Q is connected to at least one constant driver which has been preserved, other driver is ignored [D:/Code/FPGADesign/MatrixMul/modules/systolic/systolic.v:54]
CRITICAL WARNING: [Synth 8-6858] multi-driven net Q is connected to at least one constant driver which has been preserved, other driver is ignored [D:/Code/FPGADesign/MatrixMul/modules/systolic/systolic.v:54]
CRITICAL WARNING: [Synth 8-6858] multi-driven net Q is connected to at least one constant driver which has been preserved, other driver is ignored [D:/Code/FPGADesign/MatrixMul/modules/systolic/systolic.v:54]
CRITICAL WARNING: [Synth 8-6858] multi-driven net Q is connected to at least one constant driver which has been preserved, other driver is ignored [D:/Code/FPGADesign/MatrixMul/modules/systolic/systolic.v:54]
CRITICAL WARNING: [Synth 8-6858] multi-driven net Q is connected to at least one constant driver which has been preserved, other driver is ignored [D:/Code/FPGADesign/MatrixMul/modules/systolic/systolic.v:54]
CRITICAL WARNING: [Synth 8-6858] multi-driven net Q is connected to at least one constant driver which has been preserved, other driver is ignored [D:/Code/FPGADesign/MatrixMul/modules/systolic/systolic.v:54]
CRITICAL WARNING: [Synth 8-6858] multi-driven net Q is connected to at least one constant driver which has been preserved, other driver is ignored [D:/Code/FPGADesign/MatrixMul/modules/systolic/systolic.v:54]
CRITICAL WARNING: [Synth 8-6858] multi-driven net Q is connected to at least one constant driver which has been preserved, other driver is ignored [D:/Code/FPGADesign/MatrixMul/modules/systolic/systolic.v:54]
CRITICAL WARNING: [Synth 8-6858] multi-driven net Q is connected to at least one constant driver which has been preserved, other driver is ignored [D:/Code/FPGADesign/MatrixMul/modules/systolic/systolic.v:54]
CRITICAL WARNING: [Synth 8-6858] multi-driven net Q is connected to at least one constant driver which has been preserved, other driver is ignored [D:/Code/FPGADesign/MatrixMul/modules/systolic/systolic.v:54]
CRITICAL WARNING: [Synth 8-6858] multi-driven net Q is connected to at least one constant driver which has been preserved, other driver is ignored [D:/Code/FPGADesign/MatrixMul/modules/systolic/systolic.v:54]
CRITICAL WARNING: [Synth 8-6858] multi-driven net Q is connected to at least one constant driver which has been preserved, other driver is ignored [D:/Code/FPGADesign/MatrixMul/modules/systolic/systolic.v:55]
CRITICAL WARNING: [Synth 8-6858] multi-driven net Q is connected to at least one constant driver which has been preserved, other driver is ignored [D:/Code/FPGADesign/MatrixMul/modules/systolic/systolic.v:55]
CRITICAL WARNING: [Synth 8-6858] multi-driven net Q is connected to at least one constant driver which has been preserved, other driver is ignored [D:/Code/FPGADesign/MatrixMul/modules/systolic/systolic.v:55]
CRITICAL WARNING: [Synth 8-6858] multi-driven net Q is connected to at least one constant driver which has been preserved, other driver is ignored [D:/Code/FPGADesign/MatrixMul/modules/systolic/systolic.v:55]
CRITICAL WARNING: [Synth 8-6858] multi-driven net Q is connected to at least one constant driver which has been preserved, other driver is ignored [D:/Code/FPGADesign/MatrixMul/modules/systolic/systolic.v:55]
CRITICAL WARNING: [Synth 8-6858] multi-driven net Q is connected to at least one constant driver which has been preserved, other driver is ignored [D:/Code/FPGADesign/MatrixMul/modules/systolic/systolic.v:55]
CRITICAL WARNING: [Synth 8-6858] multi-driven net Q is connected to at least one constant driver which has been preserved, other driver is ignored [D:/Code/FPGADesign/MatrixMul/modules/systolic/systolic.v:55]
CRITICAL WARNING: [Synth 8-6858] multi-driven net Q is connected to at least one constant driver which has been preserved, other driver is ignored [D:/Code/FPGADesign/MatrixMul/modules/systolic/systolic.v:55]
CRITICAL WARNING: [Synth 8-6858] multi-driven net Q is connected to at least one constant driver which has been preserved, other driver is ignored [D:/Code/FPGADesign/MatrixMul/modules/systolic/systolic.v:55]
CRITICAL WARNING: [Synth 8-6858] multi-driven net Q is connected to at least one constant driver which has been preserved, other driver is ignored [D:/Code/FPGADesign/MatrixMul/modules/systolic/systolic.v:55]
CRITICAL WARNING: [Synth 8-6858] multi-driven net Q is connected to at least one constant driver which has been preserved, other driver is ignored [D:/Code/FPGADesign/MatrixMul/modules/systolic/systolic.v:55]
CRITICAL WARNING: [Synth 8-6858] multi-driven net Q is connected to at least one constant driver which has been preserved, other driver is ignored [D:/Code/FPGADesign/MatrixMul/modules/systolic/systolic.v:55]
CRITICAL WARNING: [Synth 8-6858] multi-driven net Q is connected to at least one constant driver which has been preserved, other driver is ignored [D:/Code/FPGADesign/MatrixMul/modules/systolic/systolic.v:55]
CRITICAL WARNING: [Synth 8-6858] multi-driven net Q is connected to at least one constant driver which has been preserved, other driver is ignored [D:/Code/FPGADesign/MatrixMul/modules/systolic/systolic.v:55]
CRITICAL WARNING: [Synth 8-6858] multi-driven net Q is connected to at least one constant driver which has been preserved, other driver is ignored [D:/Code/FPGADesign/MatrixMul/modules/systolic/systolic.v:55]
CRITICAL WARNING: [Synth 8-6858] multi-driven net Q is connected to at least one constant driver which has been preserved, other driver is ignored [D:/Code/FPGADesign/MatrixMul/modules/systolic/systolic.v:55]
CRITICAL WARNING: [Synth 8-6858] multi-driven net Q is connected to at least one constant driver which has been preserved, other driver is ignored [D:/Code/FPGADesign/MatrixMul/modules/systolic/systolic.v:56]
CRITICAL WARNING: [Synth 8-6858] multi-driven net Q is connected to at least one constant driver which has been preserved, other driver is ignored [D:/Code/FPGADesign/MatrixMul/modules/systolic/systolic.v:56]
CRITICAL WARNING: [Synth 8-6858] multi-driven net Q is connected to at least one constant driver which has been preserved, other driver is ignored [D:/Code/FPGADesign/MatrixMul/modules/systolic/systolic.v:56]
CRITICAL WARNING: [Synth 8-6858] multi-driven net Q is connected to at least one constant driver which has been preserved, other driver is ignored [D:/Code/FPGADesign/MatrixMul/modules/systolic/systolic.v:56]
CRITICAL WARNING: [Synth 8-6858] multi-driven net Q is connected to at least one constant driver which has been preserved, other driver is ignored [D:/Code/FPGADesign/MatrixMul/modules/systolic/systolic.v:56]
CRITICAL WARNING: [Synth 8-6858] multi-driven net Q is connected to at least one constant driver which has been preserved, other driver is ignored [D:/Code/FPGADesign/MatrixMul/modules/systolic/systolic.v:56]
CRITICAL WARNING: [Synth 8-6858] multi-driven net Q is connected to at least one constant driver which has been preserved, other driver is ignored [D:/Code/FPGADesign/MatrixMul/modules/systolic/systolic.v:56]
CRITICAL WARNING: [Synth 8-6858] multi-driven net Q is connected to at least one constant driver which has been preserved, other driver is ignored [D:/Code/FPGADesign/MatrixMul/modules/systolic/systolic.v:56]
CRITICAL WARNING: [Synth 8-6858] multi-driven net Q is connected to at least one constant driver which has been preserved, other driver is ignored [D:/Code/FPGADesign/MatrixMul/modules/systolic/systolic.v:56]
CRITICAL WARNING: [Synth 8-6858] multi-driven net Q is connected to at least one constant driver which has been preserved, other driver is ignored [D:/Code/FPGADesign/MatrixMul/modules/systolic/systolic.v:56]
CRITICAL WARNING: [Synth 8-6858] multi-driven net Q is connected to at least one constant driver which has been preserved, other driver is ignored [D:/Code/FPGADesign/MatrixMul/modules/systolic/systolic.v:56]
CRITICAL WARNING: [Synth 8-6858] multi-driven net Q is connected to at least one constant driver which has been preserved, other driver is ignored [D:/Code/FPGADesign/MatrixMul/modules/systolic/systolic.v:56]
CRITICAL WARNING: [Synth 8-6858] multi-driven net Q is connected to at least one constant driver which has been preserved, other driver is ignored [D:/Code/FPGADesign/MatrixMul/modules/systolic/systolic.v:56]
CRITICAL WARNING: [Synth 8-6858] multi-driven net Q is connected to at least one constant driver which has been preserved, other driver is ignored [D:/Code/FPGADesign/MatrixMul/modules/systolic/systolic.v:56]
CRITICAL WARNING: [Synth 8-6858] multi-driven net Q is connected to at least one constant driver which has been preserved, other driver is ignored [D:/Code/FPGADesign/MatrixMul/modules/systolic/systolic.v:56]
CRITICAL WARNING: [Synth 8-6858] multi-driven net Q is connected to at least one constant driver which has been preserved, other driver is ignored [D:/Code/FPGADesign/MatrixMul/modules/systolic/systolic.v:56]
CRITICAL WARNING: [Synth 8-6858] multi-driven net Q is connected to at least one constant driver which has been preserved, other driver is ignored [D:/Code/FPGADesign/MatrixMul/modules/systolic/systolic.v:57]
CRITICAL WARNING: [Synth 8-6858] multi-driven net Q is connected to at least one constant driver which has been preserved, other driver is ignored [D:/Code/FPGADesign/MatrixMul/modules/systolic/systolic.v:57]
CRITICAL WARNING: [Synth 8-6858] multi-driven net Q is connected to at least one constant driver which has been preserved, other driver is ignored [D:/Code/FPGADesign/MatrixMul/modules/systolic/systolic.v:57]
INFO: [Common 17-14] Message 'Synth 8-6858' appears 100 times and further instances of the messages will be disabled. Use the Tcl command set_msg_config to change the current settings.
---------------------------------------------------------------------------------
Finished Cross Boundary and Area Optimization : Time (s): cpu = 00:00:14 ; elapsed = 00:00:15 . Memory (MB): peak = 1276.984 ; gain = 750.246
---------------------------------------------------------------------------------
No constraint files found.
---------------------------------------------------------------------------------
Start Timing Optimization
---------------------------------------------------------------------------------
---------------------------------------------------------------------------------
Finished Timing Optimization : Time (s): cpu = 00:00:14 ; elapsed = 00:00:15 . Memory (MB): peak = 1276.984 ; gain = 750.246
---------------------------------------------------------------------------------
---------------------------------------------------------------------------------
Start Technology Mapping
---------------------------------------------------------------------------------
---------------------------------------------------------------------------------
Finished Technology Mapping : Time (s): cpu = 00:00:14 ; elapsed = 00:00:15 . Memory (MB): peak = 1276.984 ; gain = 750.246
---------------------------------------------------------------------------------
---------------------------------------------------------------------------------
Start IO Insertion
---------------------------------------------------------------------------------
---------------------------------------------------------------------------------
Start Flattening Before IO Insertion
---------------------------------------------------------------------------------
---------------------------------------------------------------------------------
Finished Flattening Before IO Insertion
---------------------------------------------------------------------------------
---------------------------------------------------------------------------------
Start Final Netlist Cleanup
---------------------------------------------------------------------------------
---------------------------------------------------------------------------------
Finished Final Netlist Cleanup
---------------------------------------------------------------------------------
---------------------------------------------------------------------------------
Finished IO Insertion : Time (s): cpu = 00:00:19 ; elapsed = 00:00:20 . Memory (MB): peak = 1276.984 ; gain = 750.246
---------------------------------------------------------------------------------
---------------------------------------------------------------------------------
Start Renaming Generated Instances
---------------------------------------------------------------------------------
---------------------------------------------------------------------------------
Finished Renaming Generated Instances : Time (s): cpu = 00:00:19 ; elapsed = 00:00:20 . Memory (MB): peak = 1276.984 ; gain = 750.246
---------------------------------------------------------------------------------
---------------------------------------------------------------------------------
Start Rebuilding User Hierarchy
---------------------------------------------------------------------------------
---------------------------------------------------------------------------------
Finished Rebuilding User Hierarchy : Time (s): cpu = 00:00:19 ; elapsed = 00:00:20 . Memory (MB): peak = 1276.984 ; gain = 750.246
---------------------------------------------------------------------------------
---------------------------------------------------------------------------------
Start Renaming Generated Ports
---------------------------------------------------------------------------------
---------------------------------------------------------------------------------
Finished Renaming Generated Ports : Time (s): cpu = 00:00:19 ; elapsed = 00:00:20 . Memory (MB): peak = 1276.984 ; gain = 750.246
---------------------------------------------------------------------------------
---------------------------------------------------------------------------------
Start Handling Custom Attributes
---------------------------------------------------------------------------------
---------------------------------------------------------------------------------
Finished Handling Custom Attributes : Time (s): cpu = 00:00:19 ; elapsed = 00:00:20 . Memory (MB): peak = 1276.984 ; gain = 750.246
---------------------------------------------------------------------------------
---------------------------------------------------------------------------------
Start Renaming Generated Nets
---------------------------------------------------------------------------------
---------------------------------------------------------------------------------
Finished Renaming Generated Nets : Time (s): cpu = 00:00:19 ; elapsed = 00:00:20 . Memory (MB): peak = 1276.984 ; gain = 750.246
---------------------------------------------------------------------------------
---------------------------------------------------------------------------------
Start Writing Synthesis Report
---------------------------------------------------------------------------------

Report BlackBoxes: 
+-+--------------+----------+
| |BlackBox name |Instances |
+-+--------------+----------+
+-+--------------+----------+

Report Cell Usage: 
+------+-----+------+
|      |Cell |Count |
+------+-----+------+
|1     |OBUF |   145|
+------+-----+------+

Report Instance Areas: 
+------+---------+-------+------+
|      |Instance |Module |Cells |
+------+---------+-------+------+
|1     |top      |       |   145|
+------+---------+-------+------+
---------------------------------------------------------------------------------
Finished Writing Synthesis Report : Time (s): cpu = 00:00:19 ; elapsed = 00:00:20 . Memory (MB): peak = 1276.984 ; gain = 750.246
---------------------------------------------------------------------------------
Synthesis finished with 0 errors, 771 critical warnings and 1 warnings.
Synthesis Optimization Runtime : Time (s): cpu = 00:00:19 ; elapsed = 00:00:20 . Memory (MB): peak = 1276.984 ; gain = 750.246
Synthesis Optimization Complete : Time (s): cpu = 00:00:19 ; elapsed = 00:00:20 . Memory (MB): peak = 1276.984 ; gain = 750.246
INFO: [Project 1-571] Translating synthesized netlist
Netlist sorting complete. Time (s): cpu = 00:00:00 ; elapsed = 00:00:00.002 . Memory (MB): peak = 1276.984 ; gain = 0.000
INFO: [Project 1-570] Preparing netlist for logic optimization
INFO: [Opt 31-138] Pushed 0 inverter(s) to 0 load pin(s).
Netlist sorting complete. Time (s): cpu = 00:00:00 ; elapsed = 00:00:00 . Memory (MB): peak = 1378.543 ; gain = 0.000
INFO: [Project 1-111] Unisim Transformation Summary:
No Unisim elements were transformed.

Synth Design complete | Checksum: 3318c192
INFO: [Common 17-83] Releasing license: Synthesis
23 Infos, 1 Warnings, 200 Critical Warnings and 0 Errors encountered.
synth_design completed successfully
synth_design: Time (s): cpu = 00:00:21 ; elapsed = 00:00:22 . Memory (MB): peak = 1378.543 ; gain = 859.098
INFO: [runtcl-6] Synthesis results are not added to the cache due to CRITICAL_WARNING
Write ShapeDB Complete: Time (s): cpu = 00:00:00 ; elapsed = 00:00:00.002 . Memory (MB): peak = 1378.543 ; gain = 0.000
INFO: [Common 17-1381] The checkpoint 'D:/Code/FPGADesign/MatrixMul/MatrixMul/MatrixMul.runs/synth_1/systolic.dcp' has been generated.
INFO: [Vivado 12-24828] Executing command : report_utilization -file systolic_utilization_synth.rpt -pb systolic_utilization_synth.pb
INFO: [Common 17-206] Exiting Vivado at Tue Dec  3 00:41:31 2024...
